

<!DOCTYPE html>
<html>
<head>
<meta charset="UTF-8">
<meta name="viewport" content="width=device-width, initial-scale=1, shrink-to-fit=no">
<title>Extent Report</title>
<link rel="apple-touch-icon" href="https://cdn.jsdelivr.net/gh/extent-framework/extent-github-cdn@b00a2d0486596e73dd7326beacf352c639623a0e/commons/img/logo.png">
<link rel="shortcut icon" href="https://cdn.jsdelivr.net/gh/extent-framework/extent-github-cdn@b00a2d0486596e73dd7326beacf352c639623a0e/commons/img/logo.png">
<link href="https://cdn.jsdelivr.net/gh/extent-framework/extent-github-cdn@d6562a79075e061305ccfdb82f01e5e195e2d307/spark/css/spark-style.css" rel="stylesheet" />
<link href="https://stackpath.bootstrapcdn.com/font-awesome/4.7.0/css/font-awesome.min.css" rel="stylesheet">
<script src="https://cdn.jsdelivr.net/gh/extent-framework/extent-github-cdn@7cc78ce/spark/js/jsontree.js"></script>
<style type="text/css"></style></head><body class="spa bdd-report dark">
  <div class="app">
    <div class="layout">
<div class="header navbar">
<div class="vheader">
<div class="nav-logo">
<a href="#">
<div class="logo" style="background-image: url('https://cdn.jsdelivr.net/gh/extent-framework/extent-github-cdn@b00a2d0486596e73dd7326beacf352c639623a0e/commons/img/logo.png')"></div>
</a>
</div>
<ul class="nav-left">
<li class="search-box">
<a class="search-toggle" href="#">
<i class="search-icon fa fa-search"></i>
<i class="search-icon-close fa fa-close"></i>
</a>
</li>
<li class="search-input"><input id="search-tests" class="form-control" type="text" placeholder="Search..."></li>
</ul>
<ul class="nav-right">
<li class="m-r-10">
<a href="#"><span class="badge badge-primary">TutorialsNinja Report</span></a>
</li>
<li class="m-r-10">
<a href="#"><span class="badge badge-primary">Dec 19, 2023 06:55:59 pm</span></a>
</li>
</ul>
</div>
</div><div class="side-nav">
<div class="side-nav-inner">
<ul class="side-nav-menu">
<li class="nav-item dropdown" onclick="toggleView('dashboard-view')">
<a id="nav-dashboard" class="dropdown-toggle" href="#">
<span class="ico"><i class="fa fa-bar-chart"></i></span>
</a>
</li>
<li class="nav-item dropdown" onclick="toggleView('test-view')">
<a id="nav-test" class="dropdown-toggle" href="#">
<span class="ico"><i class="fa fa-list"></i></span>
</a>
</li>
<li class="nav-item dropdown" onclick="toggleView('category-view')">
<a id="nav-category" class="dropdown-toggle" href="#">
<span class="ico"><i class="fa fa-tag"></i></span>
</a>
</li>
<li class="nav-item dropdown" onclick="toggleView('exception-view')">
<a id="nav-exception" class="dropdown-toggle" href="#">
<span class="ico"><i class="fa fa-bug"></i></span>
</a>
</li>
</ul>
</div>
</div>      <div class="vcontainer">
        <div class="main-content">
<div class="container-fluid p-4 view dashboard-view">
<div class="row">
<div class="col-md-3">
<div class="card"><div class="card-body">
<p class="m-b-0">Started</p>
<h3>Dec 19, 2023 06:55:59 pm</h3>
</div></div>
</div>
<div class="col-md-3">
<div class="card"><div class="card-body">
<p class="m-b-0">Ended</p>
<h3>Dec 19, 2023 06:57:58 pm</h3>
</div></div>
</div>
<div class="col-md-3">
<div class="card"><div class="card-body">
<p class="m-b-0 text-pass">Features Passed</p>
<h3>1</h3>
</div></div>
</div>
<div class="col-md-3">
<div class="card"><div class="card-body">
<p class="m-b-0 text-fail">Features Failed</p>
<h3>3</h3>
</div></div>
</div>
</div>
<div class="row">
<div class="col-md-4">
<div class="card">
<div class="card-header">
<h6 class="card-title">Features</h6>
</div>
<div class="card-body">
<div class="">
<canvas id='parent-analysis' width='115' height='90'></canvas>
</div>
</div>
<div class="card-footer">
<div><small data-tooltip='25%'>
<b>1</b> features passed
</small>
</div>
<div>
<small data-tooltip='75%'><b>3</b> features failed,
<b>0</b> skipped, <b data-tooltip='0%'>0</b> others
</small>
</div>
</div>
</div>
</div>
<div class="col-md-4">
<div class="card">
<div class="card-header">
<h6 class="card-title">Scenarios</h6>
</div>
<div class="card-body">
<div class="">
<canvas id='child-analysis' width='115' height='90'></canvas>
</div>
</div>
<div class="card-footer">
<div><small data-tooltip='56%'><b>9</b> scenarios passed</small></div>
<div>
<small data-tooltip='43%'><b>7</b> scenarios failed,
<b>0</b> skipped, <b data-tooltip='%'>0</b> others
</small>
</div>
</div>
</div>
</div>
<div class="col-md-4">
<div class="card">
<div class="card-header">
<h6 class="card-title">Steps</h6>
</div>
<div class="card-body">
<div class="">
<canvas id='grandchild-analysis' width='115' height='90'></canvas>
</div>
</div>
<div class="card-footer">
<div><small data-tooltip='73%'><b>139</b> steps passed</small></div>
<div>
<small data-tooltip='7%'><b>14</b> steps failed,
<b>36</b> skipped, <b data-tooltip='%'>0</b> others
</small>
</div>
</div>
</div>
</div>
</div>
<div class="row"><div class="col-md-12">
<div class="card"><div class="card-header"><p>Timeline</p></div>
<div class="card-body pt-0"><div>
<canvas id="timeline" height="120"></canvas>
</div></div>
</div>
</div></div>
<script>
var timeline = {
"verifyProductArrangeInAlphaBaticalOrder":44.659,"Laptops & Notebooks Feature":49.809,"My Account Test":15.476,"Top Menu Feature":8.258
};
</script>
<div class="row">
<div class="col-lg-6 col-md-12 category-container">
<div class="card">
<div class="card-header"><p>Tags</p></div>
<div class="card-body pb-0 pt-0"><table class="table table-sm table-bordered">
<thead><tr class="bg-gray"><th>Name</th><th>Passed</th><th>Failed</th><th>Skipped</th><th>Others</th><th>Passed %</th></tr></thead><tbody>
<tr>
<td>@author_Hiren_Italia</td>
<td>9</td>
<td>3</td>
<td>0</td>
<td>0</td>
<td>75%</td>
</tr>
<tr>
<td>@smoke</td>
<td>9</td>
<td>5</td>
<td>0</td>
<td>0</td>
<td>64.286%</td>
</tr>
<tr>
<td>@sanity</td>
<td>3</td>
<td>3</td>
<td>0</td>
<td>0</td>
<td>50%</td>
</tr>
<tr>
<td>@regression</td>
<td>9</td>
<td>7</td>
<td>0</td>
<td>0</td>
<td>56.25%</td>
</tr>
</tbody>
</table></div>
</div>
</div>
<div class="col-lg-6 col-md-12 sysenv-container">
<div class="card">
<div class="card-header"><p>System/Environment</p></div>
<div class="card-body pb-0 pt-0"><table class="table table-sm table-bordered">
<thead><tr class="bg-gray"><th>Name</th><th>Value</th></tr></thead>
<tbody>
<tr>
<td>Engineer</td>
<td>Sham_Pan</td>
</tr>
<tr>
<td>Project</td>
<td>Tutorial_Ninja</td>
</tr>
<tr>
<td>os</td>
<td>Windows</td>
</tr>
</tbody>
</table></div>
</div>
</div>
</div>
</div>
<script>
var statusGroup = {
parentCount: 5,
passParent: 1,
failParent: 3,
warningParent: 0,
skipParent: 0,
childCount: 5,
passChild: 9,
failChild: 7,
warningChild: 0,
skipChild: 0,
infoChild: 0,
grandChildCount: 5,
passGrandChild: 139,
failGrandChild: 14,
warningGrandChild: 0,
skipGrandChild: 36,
infoGrandChild: 0,
eventsCount: 5,
};
</script><div class="test-wrapper row view test-view">
  <div class="test-list">
    <div class="test-list-tools">
<ul class="tools pull-left">
<li><a href="#"><span class="font-size-14">Tests</span></a></li>
</ul>
<ul class="tools text-right">
<li class="dropdown">
<a href="#" class="dropdown-toggle" data-toggle="dropdown"><i class="fa fa-exclamation-circle"></i></a>
<ul id="status-toggle" class="dropdown-menu dropdown-md p-v-0">
<a class="dropdown-item" status="pass" href="#"><span>Pass</span><span class="status success"></span></a>
<a class="dropdown-item" status="fail" href="#"><span>Fail</span><span class="status danger"></span></a>
<div class="dropdown-divider"></div>
<a status="clear" class="dropdown-item" href="#"><span>Clear</span><span class="pull-right"><i class="fa fa-close"></i></span></a>
</ul>
</li>
<li class="dropdown">
<a href="#" class="dropdown-toggle" data-toggle="dropdown"><i class="fa fa-tag"></i></a>
<ul id="tag-toggle" class="dropdown-menu dropdown-md p-v-0">
<a class="dropdown-item" href="#">@author_Hiren_Italia</a><a class="dropdown-item" href="#">@smoke</a><a class="dropdown-item" href="#">@sanity</a><a class="dropdown-item" href="#">@regression</a>
</ul>
</li>
</ul>
</div>    <div class="test-list-wrapper scrollable">
      <ul class="test-list-item">
        <li class="test-item"  status="pass" test-id="1"
          author=""
          tag=""
          device="">
          <div class="test-detail">
            <p class="name">verifyProductArrangeInAlphaBaticalOrder</p>
            <p class="text-sm">
              <span>18:56:00</span> / <span>00:00:44:659</span>
              <span class="badge pass-bg log float-right">Pass</span>
            </p>
          </div>
          <div class="test-contents d-none">
<div class="detail-head">
<div class="p-v-10">
<div class="info">
<h5 class="test-status text-pass">verifyProductArrangeInAlphaBaticalOrder</h5>
<span class='badge badge-success'>12.19.2023 18:56:00</span>
<span class='badge badge-danger'>12.19.2023 18:56:44</span>
<span class='badge badge-default'>00:00:44:659</span>
&middot; <span class='uri-anchor badge badge-default'>#test-id=1</span>
<span class='badge badge-default pointer float-right ml-1 et'><i class="fa fa-chevron-down"></i></span>
<span class='badge badge-default pointer float-right ct'><i class="fa fa-chevron-up"></i></span>
</div>
<div class="m-t-10 m-l-5"></div>
</div>
</div>
<div class="accordion mt-4">
  <div class="card">
    <div class="card-header" role="tab">
      <div class="card-title">
        <div class="node" id="2"><span class="badge log pass-bg mr-2">Pass</span>verify Product Arrange In AlphaBatical Order</div>
      </div>
    </div>
        <div class="collapse">
          <div class="card-body">
              <div class="step pass-bg" title="com.tutorialsninja.demo.steps.TopMenuSteps.iAmOnHomepage()">
                <span>Given I am on homepage</span>
      <div>
      </div>
              </div>
              <div class="step pass-bg" title="com.tutorialsninja.demo.steps.TopMenuSteps.iMouseHoverAndClickOnTopmenuOptions(java.lang.String)">
                <span>When I mouse hover and click on topmenu options "Desktops"</span>
      <div>
      </div>
              </div>
              <div class="step pass-bg" title="com.tutorialsninja.demo.steps.TopMenuSteps.iMouseHoverAndClickOnTopmenuSubOptions(java.lang.String)">
                <span>And I mouse hover and click on topmenu sub options "Show All Desktops"</span>
      <div>
      </div>
              </div>
              <div class="step pass-bg" title="com.tutorialsninja.demo.steps.DesktopsSteps.iSelectSortByNameZToA(java.lang.String)">
                <span>Then I select sort by name Z to A "Name (Z - A)"</span>
      <div>
      </div>
              </div>
          </div>
        </div>
  </div>
  <div class="card">
    <div class="card-header" role="tab">
      <div class="card-title">
        <div class="node" id="9"><span class="badge log pass-bg mr-2">Pass</span>Verify Product Added To Shopping Cart SuccessFully</div>
      </div>
    </div>
        <div class="scenario_outline collapse">
            <div class="card-body l1">
              <div class="card-header">
                <div class="card-title outline-child">
                  <div class="node" id="10"><span class="badge log pass-bg mr-2">Pass</span>Verify Product Added To Shopping Cart SuccessFully</div>
                </div>
              </div>
              <div class="card-body mt-3 collapse">
                  <div class="step pass-bg">
                    <span>Given I am on homepage</span>
      <div>
      </div>
                  </div>
                  <div class="step pass-bg">
                    <span>When I click on currency and select GBP</span>
      <div>
      </div>
                  </div>
                  <div class="step pass-bg">
                    <span>And I mouse hover and click on topmenu options "Desktops"</span>
      <div>
      </div>
                  </div>
                  <div class="step pass-bg">
                    <span>And I mouse hover and click on topmenu sub options "Show All Desktops"</span>
      <div>
      </div>
                  </div>
                  <div class="step pass-bg">
                    <span>And I select sort by name A to Z "Name (A - Z)"</span>
      <div>
      </div>
                  </div>
                  <div class="step pass-bg">
                    <span>And I select product "HTC Touch HD"</span>
      <div>
      </div>
                  </div>
                  <div class="step pass-bg">
                    <span>And I should see the product text "HTC Touch HD"</span>
      <div>
      </div>
                  </div>
                  <div class="step pass-bg">
                    <span>And I enter Qty to one "1"</span>
      <div>
      </div>
                  </div>
                  <div class="step pass-bg">
                    <span>And I click on Add to Cart button</span>
      <div>
      </div>
                  </div>
                  <div class="step pass-bg">
                    <span>And I should see the success message Success: You have added "HTC Touch HD" to your shopping cart!</span>
      <div>
      </div>
                  </div>
                  <div class="step pass-bg">
                    <span>And I click on shopping cart link into success message</span>
      <div>
      </div>
                  </div>
                  <div class="step pass-bg">
                    <span>And I should see the shopping text</span>
      <div>
      </div>
                  </div>
                  <div class="step pass-bg">
                    <span>And I should see the product name "HTC Touch HD"</span>
      <div>
      </div>
                  </div>
                  <div class="step pass-bg">
                    <span>And I should see the model "Product 1"</span>
      <div>
      </div>
                  </div>
                  <div class="step pass-bg">
                    <span>Then I should see the total "£74.73"</span>
      <div>
      </div>
                  </div>
              </div>
            </div>
            <div class="card-body l1">
              <div class="card-header">
                <div class="card-title outline-child">
                  <div class="node" id="28"><span class="badge log pass-bg mr-2">Pass</span>Verify Product Added To Shopping Cart SuccessFully</div>
                </div>
              </div>
              <div class="card-body mt-3 collapse">
                  <div class="step pass-bg">
                    <span>Given I am on homepage</span>
      <div>
      </div>
                  </div>
                  <div class="step pass-bg">
                    <span>When I click on currency and select GBP</span>
      <div>
      </div>
                  </div>
                  <div class="step pass-bg">
                    <span>And I mouse hover and click on topmenu options "Desktops"</span>
      <div>
      </div>
                  </div>
                  <div class="step pass-bg">
                    <span>And I mouse hover and click on topmenu sub options "Show All Desktops"</span>
      <div>
      </div>
                  </div>
                  <div class="step pass-bg">
                    <span>And I select sort by name A to Z "Name (A - Z)"</span>
      <div>
      </div>
                  </div>
                  <div class="step pass-bg">
                    <span>And I select product "iPhone"</span>
      <div>
      </div>
                  </div>
                  <div class="step pass-bg">
                    <span>And I should see the product text "iPhone"</span>
      <div>
      </div>
                  </div>
                  <div class="step pass-bg">
                    <span>And I enter Qty to one "1"</span>
      <div>
      </div>
                  </div>
                  <div class="step pass-bg">
                    <span>And I click on Add to Cart button</span>
      <div>
      </div>
                  </div>
                  <div class="step pass-bg">
                    <span>And I should see the success message Success: You have added "iPhone" to your shopping cart!</span>
      <div>
      </div>
                  </div>
                  <div class="step pass-bg">
                    <span>And I click on shopping cart link into success message</span>
      <div>
      </div>
                  </div>
                  <div class="step pass-bg">
                    <span>And I should see the shopping text</span>
      <div>
      </div>
                  </div>
                  <div class="step pass-bg">
                    <span>And I should see the product name "iPhone"</span>
      <div>
      </div>
                  </div>
                  <div class="step pass-bg">
                    <span>And I should see the model "product 11"</span>
      <div>
      </div>
                  </div>
                  <div class="step pass-bg">
                    <span>Then I should see the total "£75.46"</span>
      <div>
      </div>
                  </div>
              </div>
            </div>
            <div class="card-body l1">
              <div class="card-header">
                <div class="card-title outline-child">
                  <div class="node" id="46"><span class="badge log pass-bg mr-2">Pass</span>Verify Product Added To Shopping Cart SuccessFully</div>
                </div>
              </div>
              <div class="card-body mt-3 collapse">
                  <div class="step pass-bg">
                    <span>Given I am on homepage</span>
      <div>
      </div>
                  </div>
                  <div class="step pass-bg">
                    <span>When I click on currency and select GBP</span>
      <div>
      </div>
                  </div>
                  <div class="step pass-bg">
                    <span>And I mouse hover and click on topmenu options "Desktops"</span>
      <div>
      </div>
                  </div>
                  <div class="step pass-bg">
                    <span>And I mouse hover and click on topmenu sub options "Show All Desktops"</span>
      <div>
      </div>
                  </div>
                  <div class="step pass-bg">
                    <span>And I select sort by name A to Z "Name (A - Z)"</span>
      <div>
      </div>
                  </div>
                  <div class="step pass-bg">
                    <span>And I select product "iPod Classic"</span>
      <div>
      </div>
                  </div>
                  <div class="step pass-bg">
                    <span>And I should see the product text "iPod Classic"</span>
      <div>
      </div>
                  </div>
                  <div class="step pass-bg">
                    <span>And I enter Qty to one "1"</span>
      <div>
      </div>
                  </div>
                  <div class="step pass-bg">
                    <span>And I click on Add to Cart button</span>
      <div>
      </div>
                  </div>
                  <div class="step pass-bg">
                    <span>And I should see the success message Success: You have added "iPod Classic" to your shopping cart!</span>
      <div>
      </div>
                  </div>
                  <div class="step pass-bg">
                    <span>And I click on shopping cart link into success message</span>
      <div>
      </div>
                  </div>
                  <div class="step pass-bg">
                    <span>And I should see the shopping text</span>
      <div>
      </div>
                  </div>
                  <div class="step pass-bg">
                    <span>And I should see the product name "iPod Classic"</span>
      <div>
      </div>
                  </div>
                  <div class="step pass-bg">
                    <span>And I should see the model "product 20"</span>
      <div>
      </div>
                  </div>
                  <div class="step pass-bg">
                    <span>Then I should see the total "£74.73"</span>
      <div>
      </div>
                  </div>
              </div>
            </div>
            <div class="card-body l1">
              <div class="card-header">
                <div class="card-title outline-child">
                  <div class="node" id="64"><span class="badge log pass-bg mr-2">Pass</span>Verify Product Added To Shopping Cart SuccessFully</div>
                </div>
              </div>
              <div class="card-body mt-3 collapse">
                  <div class="step pass-bg">
                    <span>Given I am on homepage</span>
      <div>
      </div>
                  </div>
                  <div class="step pass-bg">
                    <span>When I click on currency and select GBP</span>
      <div>
      </div>
                  </div>
                  <div class="step pass-bg">
                    <span>And I mouse hover and click on topmenu options "Desktops"</span>
      <div>
      </div>
                  </div>
                  <div class="step pass-bg">
                    <span>And I mouse hover and click on topmenu sub options "Show All Desktops"</span>
      <div>
      </div>
                  </div>
                  <div class="step pass-bg">
                    <span>And I select sort by name A to Z "Name (A - Z)"</span>
      <div>
      </div>
                  </div>
                  <div class="step pass-bg">
                    <span>And I select product "MacBook"</span>
      <div>
      </div>
                  </div>
                  <div class="step pass-bg">
                    <span>And I should see the product text "MacBook"</span>
      <div>
      </div>
                  </div>
                  <div class="step pass-bg">
                    <span>And I enter Qty to one "1"</span>
      <div>
      </div>
                  </div>
                  <div class="step pass-bg">
                    <span>And I click on Add to Cart button</span>
      <div>
      </div>
                  </div>
                  <div class="step pass-bg">
                    <span>And I should see the success message Success: You have added "MacBook" to your shopping cart!</span>
      <div>
      </div>
                  </div>
                  <div class="step pass-bg">
                    <span>And I click on shopping cart link into success message</span>
      <div>
      </div>
                  </div>
                  <div class="step pass-bg">
                    <span>And I should see the shopping text</span>
      <div>
      </div>
                  </div>
                  <div class="step pass-bg">
                    <span>And I should see the product name "MacBook"</span>
      <div>
      </div>
                  </div>
                  <div class="step pass-bg">
                    <span>And I should see the model "Product 16"</span>
      <div>
      </div>
                  </div>
                  <div class="step pass-bg">
                    <span>Then I should see the total "£368.73"</span>
      <div>
      </div>
                  </div>
              </div>
            </div>
            <div class="card-body l1">
              <div class="card-header">
                <div class="card-title outline-child">
                  <div class="node" id="82"><span class="badge log pass-bg mr-2">Pass</span>Verify Product Added To Shopping Cart SuccessFully</div>
                </div>
              </div>
              <div class="card-body mt-3 collapse">
                  <div class="step pass-bg">
                    <span>Given I am on homepage</span>
      <div>
      </div>
                  </div>
                  <div class="step pass-bg">
                    <span>When I click on currency and select GBP</span>
      <div>
      </div>
                  </div>
                  <div class="step pass-bg">
                    <span>And I mouse hover and click on topmenu options "Desktops"</span>
      <div>
      </div>
                  </div>
                  <div class="step pass-bg">
                    <span>And I mouse hover and click on topmenu sub options "Show All Desktops"</span>
      <div>
      </div>
                  </div>
                  <div class="step pass-bg">
                    <span>And I select sort by name A to Z "Name (A - Z)"</span>
      <div>
      </div>
                  </div>
                  <div class="step pass-bg">
                    <span>And I select product "MacBook Air"</span>
      <div>
      </div>
                  </div>
                  <div class="step pass-bg">
                    <span>And I should see the product text "MacBook Air"</span>
      <div>
      </div>
                  </div>
                  <div class="step pass-bg">
                    <span>And I enter Qty to one "1"</span>
      <div>
      </div>
                  </div>
                  <div class="step pass-bg">
                    <span>And I click on Add to Cart button</span>
      <div>
      </div>
                  </div>
                  <div class="step pass-bg">
                    <span>And I should see the success message Success: You have added "MacBook Air" to your shopping cart!</span>
      <div>
      </div>
                  </div>
                  <div class="step pass-bg">
                    <span>And I click on shopping cart link into success message</span>
      <div>
      </div>
                  </div>
                  <div class="step pass-bg">
                    <span>And I should see the shopping text</span>
      <div>
      </div>
                  </div>
                  <div class="step pass-bg">
                    <span>And I should see the product name "MacBook Air"</span>
      <div>
      </div>
                  </div>
                  <div class="step pass-bg">
                    <span>And I should see the model "Product 17"</span>
      <div>
      </div>
                  </div>
                  <div class="step pass-bg">
                    <span>Then I should see the total "£736.23"</span>
      <div>
      </div>
                  </div>
              </div>
            </div>
            <div class="card-body l1">
              <div class="card-header">
                <div class="card-title outline-child">
                  <div class="node" id="100"><span class="badge log pass-bg mr-2">Pass</span>Verify Product Added To Shopping Cart SuccessFully</div>
                </div>
              </div>
              <div class="card-body mt-3 collapse">
                  <div class="step pass-bg">
                    <span>Given I am on homepage</span>
      <div>
      </div>
                  </div>
                  <div class="step pass-bg">
                    <span>When I click on currency and select GBP</span>
      <div>
      </div>
                  </div>
                  <div class="step pass-bg">
                    <span>And I mouse hover and click on topmenu options "Desktops"</span>
      <div>
      </div>
                  </div>
                  <div class="step pass-bg">
                    <span>And I mouse hover and click on topmenu sub options "Show All Desktops"</span>
      <div>
      </div>
                  </div>
                  <div class="step pass-bg">
                    <span>And I select sort by name A to Z "Name (A - Z)"</span>
      <div>
      </div>
                  </div>
                  <div class="step pass-bg">
                    <span>And I select product "Sony VAIO"</span>
      <div>
      </div>
                  </div>
                  <div class="step pass-bg">
                    <span>And I should see the product text "Sony VAIO"</span>
      <div>
      </div>
                  </div>
                  <div class="step pass-bg">
                    <span>And I enter Qty to one "1"</span>
      <div>
      </div>
                  </div>
                  <div class="step pass-bg">
                    <span>And I click on Add to Cart button</span>
      <div>
      </div>
                  </div>
                  <div class="step pass-bg">
                    <span>And I should see the success message Success: You have added "Sony VAIO" to your shopping cart!</span>
      <div>
      </div>
                  </div>
                  <div class="step pass-bg">
                    <span>And I click on shopping cart link into success message</span>
      <div>
      </div>
                  </div>
                  <div class="step pass-bg">
                    <span>And I should see the shopping text</span>
      <div>
      </div>
                  </div>
                  <div class="step pass-bg">
                    <span>And I should see the product name "Sony VAIO"</span>
      <div>
      </div>
                  </div>
                  <div class="step pass-bg">
                    <span>And I should see the model "Product 19"</span>
      <div>
      </div>
                  </div>
                  <div class="step pass-bg">
                    <span>Then I should see the total "£736.23"</span>
      <div>
      </div>
                  </div>
              </div>
            </div>
        </div>
  </div>
</div>
          </div>
        </li>
        <li class="test-item"  status="fail" test-id="118"
          author=""
          tag=""
          device="">
          <div class="test-detail">
            <p class="name">Laptops & Notebooks Feature</p>
            <p class="text-sm">
              <span>18:56:44</span> / <span>00:00:49:809</span>
              <span class="badge fail-bg log float-right">Fail</span>
            </p>
          </div>
          <div class="test-contents d-none">
<div class="detail-head">
<div class="p-v-10">
<div class="info">
<h5 class="test-status text-fail">Laptops & Notebooks Feature</h5>
<span class='badge badge-success'>12.19.2023 18:56:44</span>
<span class='badge badge-danger'>12.19.2023 18:57:34</span>
<span class='badge badge-default'>00:00:49:809</span>
&middot; <span class='uri-anchor badge badge-default'>#test-id=118</span>
<span class='badge badge-default pointer float-right ml-1 et'><i class="fa fa-chevron-down"></i></span>
<span class='badge badge-default pointer float-right ct'><i class="fa fa-chevron-up"></i></span>
</div>
<div class="m-t-10 m-l-5"> In Order to perform laptops & notebooks features
As a User
I have to verify that product is sorting according to the price high to low
I have to place order successfully</div>
</div>
</div>
<div class="accordion mt-4">
  <div class="card">
    <div class="card-header" role="tab">
      <div class="card-title">
        <div class="node" id="119"><span class="badge log pass-bg mr-2">Pass</span>User should see the products as price high to low</div>
      </div>
    </div>
        <div class="collapse">
          <div class="card-body">
              <div class="step pass-bg" title="com.tutorialsninja.demo.steps.TopMenuSteps.iAmOnHomepage()">
                <span>Given I am on homepage</span>
      <div>
      </div>
              </div>
              <div class="step pass-bg" title="com.tutorialsninja.demo.steps.TopMenuSteps.iMouseHoverAndClickOnTopmenuOptions(java.lang.String)">
                <span>When I mouse hover and click on topmenu options "Laptops & Notebooks"</span>
      <div>
      </div>
              </div>
              <div class="step pass-bg" title="com.tutorialsninja.demo.steps.TopMenuSteps.iMouseHoverAndClickOnTopmenuSubOptions(java.lang.String)">
                <span>And I mouse hover and click on topmenu sub options "Show All Laptops & Notebooks"</span>
      <div>
      </div>
              </div>
              <div class="step pass-bg" title="com.tutorialsninja.demo.steps.LaptopsAndNotebooksSteps.iSelectFilterOptionAs(java.lang.String)">
                <span>And I select filter option as "Price (High > Low)"</span>
      <div>
      </div>
              </div>
              <div class="step pass-bg" title="com.tutorialsninja.demo.steps.LaptopsAndNotebooksSteps.iShouldGetTheProductArrangedInPriceHighToLowOrder()">
                <span>Then I should get the product arranged in price high to low order</span>
      <div>
      </div>
              </div>
          </div>
        </div>
  </div>
  <div class="card">
    <div class="card-header" role="tab">
      <div class="card-title">
        <div class="node" id="127"><span class="badge log fail-bg mr-2">Fail</span>User should see the products as price high to low</div>
      </div>
    </div>
        <div class="">
          <div class="card-body">
              <div class="step pass-bg" title="com.tutorialsninja.demo.steps.TopMenuSteps.iAmOnHomepage()">
                <span>Given I am on homepage</span>
      <div>
      </div>
              </div>
              <div class="step pass-bg" title="com.tutorialsninja.demo.steps.TopMenuSteps.iMouseHoverAndClickOnTopmenuOptions(java.lang.String)">
                <span>When I mouse hover and click on topmenu options "Laptops & Notebooks"</span>
      <div>
      </div>
              </div>
              <div class="step pass-bg" title="com.tutorialsninja.demo.steps.TopMenuSteps.iMouseHoverAndClickOnTopmenuSubOptions(java.lang.String)">
                <span>And I mouse hover and click on topmenu sub options "Show All Laptops & Notebooks"</span>
      <div>
      </div>
              </div>
              <div class="step pass-bg" title="com.tutorialsninja.demo.steps.LaptopsAndNotebooksSteps.iSelectFilterOptionAs(java.lang.String)">
                <span>And I select filter option as "Price (High > Low)"</span>
      <div>
      </div>
              </div>
              <div class="step pass-bg" title="com.tutorialsninja.demo.steps.LaptopsAndNotebooksSteps.iClickOnMacBookProduct()">
                <span>And I click on MacBook product</span>
      <div>
      </div>
              </div>
              <div class="step pass-bg" title="com.tutorialsninja.demo.steps.LaptopsAndNotebooksSteps.iShouldNavigateToMacBookPageAndSeeThePageHeading(java.lang.String)">
                <span>And I should navigate to MacBook page and see the page heading "MacBook"</span>
      <div>
      </div>
              </div>
              <div class="step pass-bg" title="com.tutorialsninja.demo.steps.LaptopsAndNotebooksSteps.iClickOnAddToCart()">
                <span>And I click on Add to Cart</span>
      <div>
      </div>
              </div>
              <div class="step pass-bg" title="com.tutorialsninja.demo.steps.LaptopsAndNotebooksSteps.iShouldSeeTheSuccessAddToCartMessage()">
                <span>And I should see the success add to cart message</span>
      <div>
      </div>
              </div>
              <div class="step pass-bg" title="com.tutorialsninja.demo.steps.LaptopsAndNotebooksSteps.iClickOnShoppingCartLinkInSuccessMessage()">
                <span>And I click on shopping cart link in success message</span>
      <div>
      </div>
              </div>
              <div class="step pass-bg" title="com.tutorialsninja.demo.steps.LaptopsAndNotebooksSteps.iShouldNavigateToShoppingCartPageAndSeeTheWelcomeMessage()">
                <span>And I should navigate to shopping cart page and see the welcome message</span>
      <div>
      </div>
              </div>
              <div class="step pass-bg" title="com.tutorialsninja.demo.steps.LaptopsAndNotebooksSteps.iShouldSeeTheProductNameInTheShoppingCart(java.lang.String)">
                <span>And I should see the product name "MacBook" in the shopping cart</span>
      <div>
      </div>
              </div>
              <div class="step pass-bg" title="com.tutorialsninja.demo.steps.LaptopsAndNotebooksSteps.iChangeTheQuantityToTwo(java.lang.String)">
                <span>And I change the quantity to two "2"</span>
      <div>
      </div>
              </div>
              <div class="step pass-bg" title="com.tutorialsninja.demo.steps.LaptopsAndNotebooksSteps.iClickOnUpdateTab()">
                <span>And I click on update tab</span>
      <div>
      </div>
              </div>
              <div class="step pass-bg" title="com.tutorialsninja.demo.steps.LaptopsAndNotebooksSteps.iShouldSeeTheShoppingCartUpdatedMessage()">
                <span>And I should see the shopping cart updated message</span>
      <div>
      </div>
              </div>
              <div class="step pass-bg" title="com.tutorialsninja.demo.steps.LaptopsAndNotebooksSteps.iShouldSeeTheTotalPrice(java.lang.String)">
                <span>And I should see the total price "$1,204.00"</span>
      <div>
      </div>
              </div>
              <div class="step pass-bg" title="com.tutorialsninja.demo.steps.LaptopsAndNotebooksSteps.iClickOnCheckoutButton()">
                <span>And I click on checkout button</span>
      <div>
      </div>
              </div>
              <div class="step pass-bg" title="com.tutorialsninja.demo.steps.LaptopsAndNotebooksSteps.iShouldRedirectedToTheCheckoutPageAndSeeTheCheckoutText(java.lang.String)">
                <span>And I should redirected to the checkout page and see the checkout "Checkout"text</span>
      <div>
      </div>
              </div>
              <div class="step pass-bg" title="com.tutorialsninja.demo.steps.LaptopsAndNotebooksSteps.iShouldSeeTheNewCustomerText(java.lang.String)">
                <span>And I should see the new customer "New Customer" text</span>
      <div>
      </div>
              </div>
              <div class="step pass-bg" title="com.tutorialsninja.demo.steps.LaptopsAndNotebooksSteps.iClickOnGuestCheckout()">
                <span>And I click on guest checkout</span>
      <div>
      </div>
              </div>
              <div class="step pass-bg" title="com.tutorialsninja.demo.steps.LaptopsAndNotebooksSteps.iClickOnContinue()">
                <span>And I click on continue</span>
      <div>
      </div>
              </div>
              <div class="step pass-bg" title="com.tutorialsninja.demo.steps.LaptopsAndNotebooksSteps.iEnterFirstNameInBillingDetails(java.lang.String)">
                <span>And I enter first name "Dhyan" in billing details</span>
      <div>
      </div>
              </div>
              <div class="step pass-bg" title="com.tutorialsninja.demo.steps.LaptopsAndNotebooksSteps.iEnterLastNameInBillingDetails(java.lang.String)">
                <span>And I enter last name "Magn" in billing details</span>
      <div>
      </div>
              </div>
              <div class="step pass-bg" title="com.tutorialsninja.demo.steps.LaptopsAndNotebooksSteps.iEnterEmailAddressInBillingDetails()">
                <span>And I enter email address in billing details</span>
      <div>
      </div>
              </div>
              <div class="step pass-bg" title="com.tutorialsninja.demo.steps.LaptopsAndNotebooksSteps.iEnterPhoneNumberInTheBillingDetails(java.lang.String)">
                <span>And I enter phone number "012343255555" in the billing details</span>
      <div>
      </div>
              </div>
              <div class="step pass-bg" title="com.tutorialsninja.demo.steps.LaptopsAndNotebooksSteps.iEnterBillingAddressInTheBillingDetails(java.lang.String)">
                <span>And I enter billing address "1 Number one" in the billing details</span>
      <div>
      </div>
              </div>
              <div class="step pass-bg" title="com.tutorialsninja.demo.steps.LaptopsAndNotebooksSteps.iEnterCityInTheBillingDetails(java.lang.String)">
                <span>And I enter city "NewCity" in the billing details</span>
      <div>
      </div>
              </div>
              <div class="step pass-bg" title="com.tutorialsninja.demo.steps.LaptopsAndNotebooksSteps.iEnterPostcodeInTheBillingDetails(java.lang.String)">
                <span>And I enter postcode "NY1 6YN"  in the billing details</span>
      <div>
      </div>
              </div>
              <div class="step pass-bg" title="com.tutorialsninja.demo.steps.LaptopsAndNotebooksSteps.iEnterCountryInTheBillingDetails(java.lang.String)">
                <span>And I enter country "United Kingdom" in the billing details</span>
      <div>
      </div>
              </div>
              <div class="step fail-bg" title="com.tutorialsninja.demo.steps.LaptopsAndNotebooksSteps.iEnterStateInTheBillingDetails(java.lang.String)">
                <span>And I enter state "Unknown" in the billing details</span>
      <div>
        <textarea disabled class="code-block">org.openqa.selenium.NoSuchElementException: Cannot locate option with text: Unknown
For documentation on this error, please visit: https://www.selenium.dev/documentation/webdriver/troubleshooting/errors#no-such-element-exception
Build info: version: '4.15.0', revision: '1d14b5521b'
System info: os.name: 'Windows 11', os.arch: 'amd64', os.version: '10.0', java.version: '17.0.8'
Driver info: driver.version: unknown
	at org.openqa.selenium.support.ui.Select.selectByVisibleText(Select.java:153)
	at com.tutorialsninja.demo.utility.Utility.selectByVisibleTextFromDropDown(Utility.java:144)
	at com.tutorialsninja.demo.pages.CheckOutPage.enterBillingDetailsRegionOrState(CheckOutPage.java:157)
	at com.tutorialsninja.demo.steps.LaptopsAndNotebooksSteps.iEnterStateInTheBillingDetails(LaptopsAndNotebooksSteps.java:150)
	at ✽.I enter state "Unknown" in the billing details(file:///C:/Users/shamb/IdeaProjects/tutorialsninija-sw-6/src/test/resources/features/laptopsandnotebooks.feature:46)
</textarea>
      
      </div>
              </div>
              <div class="step skip-bg" title="com.tutorialsninja.demo.steps.LaptopsAndNotebooksSteps.iClickOnContinueInTheBillingDetails()">
                <span>And I click on continue in the billing details</span>
      <div>Step skipped
      </div>
              </div>
              <div class="step skip-bg" title="com.tutorialsninja.demo.steps.LaptopsAndNotebooksSteps.iEnterCommentInTheCommentArea(java.lang.String)">
                <span>And I enter comment "Very specific Time" in the comment area</span>
      <div>Step skipped
      </div>
              </div>
              <div class="step skip-bg" title="com.tutorialsninja.demo.steps.LaptopsAndNotebooksSteps.iClickOnTermsAndConditionsCheckbox()">
                <span>And I click on terms and conditions checkbox</span>
      <div>Step skipped
      </div>
              </div>
              <div class="step skip-bg" title="com.tutorialsninja.demo.steps.LaptopsAndNotebooksSteps.iClickOnContinueInCommentSection()">
                <span>And I click on continue in comment section</span>
      <div>Step skipped
      </div>
              </div>
              <div class="step skip-bg" title="com.tutorialsninja.demo.steps.LaptopsAndNotebooksSteps.iShouldCheckForThePaymentWarningMethod()">
                <span>Then I should check for the payment warning method</span>
      <div>Step skipped
      </div>
              </div>
              <div class="step fail-bg" title="AFTER">
                <span>com.tutorialsninja.demo.steps.Hooks.tearDown(io.cucumber.java.Scenario)</span>
      <div>
        <textarea disabled class="code-block">org.openqa.selenium.NoSuchWindowException: no such window: target window already closed
from unknown error: web view not found
  (Session info: chrome=120.0.6099.110)
Build info: version: '4.15.0', revision: '1d14b5521b'
System info: os.name: 'Windows 11', os.arch: 'amd64', os.version: '10.0', java.version: '17.0.8'
Driver info: org.openqa.selenium.chrome.ChromeDriver
Command: [678222c24496dda50a6acd32dcd686b1, screenshot {}]
Capabilities {acceptInsecureCerts: false, browserName: chrome, browserVersion: 120.0.6099.110, chrome: {chromedriverVersion: 120.0.6099.109 (3419140ab66..., userDataDir: C:\Users\shamb\AppData\Loca...}, fedcm:accounts: true, goog:chromeOptions: {debuggerAddress: localhost:59368}, networkConnectionEnabled: false, pageLoadStrategy: normal, platformName: windows, proxy: Proxy(), se:cdp: ws://localhost:59368/devtoo..., se:cdpVersion: 120.0.6099.110, setWindowRect: true, strictFileInteractability: false, timeouts: {implicit: 0, pageLoad: 300000, script: 30000}, unhandledPromptBehavior: dismiss and notify, webauthn:extension:credBlob: true, webauthn:extension:largeBlob: true, webauthn:extension:minPinLength: true, webauthn:extension:prf: true, webauthn:virtualAuthenticators: true}
Session ID: 678222c24496dda50a6acd32dcd686b1
	at java.base/jdk.internal.reflect.NativeConstructorAccessorImpl.newInstance0(Native Method)
	at java.base/jdk.internal.reflect.NativeConstructorAccessorImpl.newInstance(NativeConstructorAccessorImpl.java:77)
	at java.base/jdk.internal.reflect.DelegatingConstructorAccessorImpl.newInstance(DelegatingConstructorAccessorImpl.java:45)
	at java.base/java.lang.reflect.Constructor.newInstanceWithCaller(Constructor.java:499)
	at java.base/java.lang.reflect.Constructor.newInstance(Constructor.java:480)
	at org.openqa.selenium.remote.codec.w3c.W3CHttpResponseCodec.createException(W3CHttpResponseCodec.java:200)
	at org.openqa.selenium.remote.codec.w3c.W3CHttpResponseCodec.decode(W3CHttpResponseCodec.java:133)
	at org.openqa.selenium.remote.codec.w3c.W3CHttpResponseCodec.decode(W3CHttpResponseCodec.java:52)
	at org.openqa.selenium.remote.HttpCommandExecutor.execute(HttpCommandExecutor.java:191)
	at org.openqa.selenium.remote.service.DriverCommandExecutor.invokeExecute(DriverCommandExecutor.java:200)
	at org.openqa.selenium.remote.service.DriverCommandExecutor.execute(DriverCommandExecutor.java:175)
	at org.openqa.selenium.remote.RemoteWebDriver.execute(RemoteWebDriver.java:607)
	at org.openqa.selenium.remote.RemoteWebDriver.execute(RemoteWebDriver.java:680)
	at org.openqa.selenium.remote.RemoteWebDriver.execute(RemoteWebDriver.java:684)
	at org.openqa.selenium.remote.RemoteWebDriver.getScreenshotAs(RemoteWebDriver.java:330)
	at com.tutorialsninja.demo.utility.Utility.getScreenShot(Utility.java:350)
	at com.tutorialsninja.demo.steps.Hooks.tearDown(Hooks.java:19)
</textarea>
      
      </div>
              </div>
          </div>
        </div>
  </div>
</div>
          </div>
        </li>
        <li class="test-item"  status="fail" test-id="164"
          author=""
          tag=""
          device="">
          <div class="test-detail">
            <p class="name">My Account Test</p>
            <p class="text-sm">
              <span>18:57:34</span> / <span>00:00:15:476</span>
              <span class="badge fail-bg log float-right">Fail</span>
            </p>
          </div>
          <div class="test-contents d-none">
<div class="detail-head">
<div class="p-v-10">
<div class="info">
<h5 class="test-status text-fail">My Account Test</h5>
<span class='badge badge-success'>12.19.2023 18:57:34</span>
<span class='badge badge-danger'>12.19.2023 18:57:50</span>
<span class='badge badge-default'>00:00:15:476</span>
&middot; <span class='uri-anchor badge badge-default'>#test-id=164</span>
<span class='badge badge-default pointer float-right ml-1 et'><i class="fa fa-chevron-down"></i></span>
<span class='badge badge-default pointer float-right ct'><i class="fa fa-chevron-up"></i></span>
</div>
<div class="m-t-10 m-l-5"> In Order to perform my account features
As a User
I should navigate to register page successfully
I should navigate to login page successfully
I should register account successfully
I should login and logout successfully</div>
</div>
</div>
<div class="accordion mt-4">
  <div class="card">
    <div class="card-header" role="tab">
      <div class="card-title">
        <div class="node" id="165"><span class="badge log fail-bg mr-2">Fail</span>Verify User Should Navigate To Register Page Successfully</div>
      </div>
    </div>
        <div class="">
          <div class="card-body">
              <div class="step pass-bg" title="com.tutorialsninja.demo.steps.TopMenuSteps.iAmOnHomepage()">
                <span>Given I am on homepage</span>
      <div>
      </div>
              </div>
              <div class="step pass-bg" title="com.tutorialsninja.demo.steps.MyAccountsSteps.iClickOnMyAccountTab()">
                <span>When I click on My Account tab</span>
      <div>
      </div>
              </div>
              <div class="step pass-bg" title="com.tutorialsninja.demo.steps.MyAccountsSteps.iCallTheMethodSelectMyAccountOptionsMethodAndPassTheParameter(java.lang.String)">
                <span>And I call the method selectMyAccountOptions method and pass the parameter "Register"</span>
      <div>
      </div>
              </div>
              <div class="step fail-bg" title="com.tutorialsninja.demo.steps.MyAccountsSteps.iShouldSeeTextAsRegisterAccount(java.lang.String)">
                <span>Then I should see text as register account "Register Account"</span>
      <div>
        <textarea disabled class="code-block">org.openqa.selenium.NoSuchWindowException: no such window: target window already closed
from unknown error: web view not found
  (Session info: chrome=120.0.6099.110)
Build info: version: '4.15.0', revision: '1d14b5521b'
System info: os.name: 'Windows 11', os.arch: 'amd64', os.version: '10.0', java.version: '17.0.8'
Driver info: org.openqa.selenium.chrome.ChromeDriver
Command: [38db65f0444212c0ec24942afc9ff306, findElement {using=xpath, value=//h1[contains(text(),'Register Account')]}]
Capabilities {acceptInsecureCerts: false, browserName: chrome, browserVersion: 120.0.6099.110, chrome: {chromedriverVersion: 120.0.6099.109 (3419140ab66..., userDataDir: C:\Users\shamb\AppData\Loca...}, fedcm:accounts: true, goog:chromeOptions: {debuggerAddress: localhost:59414}, networkConnectionEnabled: false, pageLoadStrategy: normal, platformName: windows, proxy: Proxy(), se:cdp: ws://localhost:59414/devtoo..., se:cdpVersion: 120.0.6099.110, setWindowRect: true, strictFileInteractability: false, timeouts: {implicit: 0, pageLoad: 300000, script: 30000}, unhandledPromptBehavior: dismiss and notify, webauthn:extension:credBlob: true, webauthn:extension:largeBlob: true, webauthn:extension:minPinLength: true, webauthn:extension:prf: true, webauthn:virtualAuthenticators: true}
Session ID: 38db65f0444212c0ec24942afc9ff306
	at java.base/jdk.internal.reflect.NativeConstructorAccessorImpl.newInstance0(Native Method)
	at java.base/jdk.internal.reflect.NativeConstructorAccessorImpl.newInstance(NativeConstructorAccessorImpl.java:77)
	at java.base/jdk.internal.reflect.DelegatingConstructorAccessorImpl.newInstance(DelegatingConstructorAccessorImpl.java:45)
	at java.base/java.lang.reflect.Constructor.newInstanceWithCaller(Constructor.java:499)
	at java.base/java.lang.reflect.Constructor.newInstance(Constructor.java:480)
	at org.openqa.selenium.remote.codec.w3c.W3CHttpResponseCodec.createException(W3CHttpResponseCodec.java:200)
	at org.openqa.selenium.remote.codec.w3c.W3CHttpResponseCodec.decode(W3CHttpResponseCodec.java:133)
	at org.openqa.selenium.remote.codec.w3c.W3CHttpResponseCodec.decode(W3CHttpResponseCodec.java:52)
	at org.openqa.selenium.remote.HttpCommandExecutor.execute(HttpCommandExecutor.java:191)
	at org.openqa.selenium.remote.service.DriverCommandExecutor.invokeExecute(DriverCommandExecutor.java:200)
	at org.openqa.selenium.remote.service.DriverCommandExecutor.execute(DriverCommandExecutor.java:175)
	at org.openqa.selenium.remote.RemoteWebDriver.execute(RemoteWebDriver.java:607)
	at org.openqa.selenium.remote.ElementLocation$ElementFinder$2.findElement(ElementLocation.java:165)
	at org.openqa.selenium.remote.ElementLocation.findElement(ElementLocation.java:59)
	at org.openqa.selenium.remote.RemoteWebDriver.findElement(RemoteWebDriver.java:364)
	at org.openqa.selenium.remote.RemoteWebDriver.findElement(RemoteWebDriver.java:358)
	at org.openqa.selenium.support.pagefactory.DefaultElementLocator.findElement(DefaultElementLocator.java:68)
	at org.openqa.selenium.support.pagefactory.internal.LocatingElementHandler.invoke(LocatingElementHandler.java:38)
	at jdk.proxy2/jdk.proxy2.$Proxy30.toString(Unknown Source)
	at java.base/java.lang.StringConcatHelper.stringOf(StringConcatHelper.java:453)
	at java.base/java.lang.StringConcatHelper.simpleConcat(StringConcatHelper.java:408)
	at com.tutorialsninja.demo.pages.HomePage.getRegisterAccountText(HomePage.java:126)
	at com.tutorialsninja.demo.steps.MyAccountsSteps.iShouldSeeTextAsRegisterAccount(MyAccountsSteps.java:22)
	at ✽.I should see text as register account "Register Account"(file:///C:/Users/shamb/IdeaProjects/tutorialsninija-sw-6/src/test/resources/features/myaccountstest.feature:15)
</textarea>
      
      </div>
              </div>
              <div class="step fail-bg" title="AFTER">
                <span>com.tutorialsninja.demo.steps.Hooks.tearDown(io.cucumber.java.Scenario)</span>
      <div>
        <textarea disabled class="code-block">org.openqa.selenium.NoSuchWindowException: no such window: target window already closed
from unknown error: web view not found
  (Session info: chrome=120.0.6099.110)
Build info: version: '4.15.0', revision: '1d14b5521b'
System info: os.name: 'Windows 11', os.arch: 'amd64', os.version: '10.0', java.version: '17.0.8'
Driver info: org.openqa.selenium.chrome.ChromeDriver
Command: [38db65f0444212c0ec24942afc9ff306, screenshot {}]
Capabilities {acceptInsecureCerts: false, browserName: chrome, browserVersion: 120.0.6099.110, chrome: {chromedriverVersion: 120.0.6099.109 (3419140ab66..., userDataDir: C:\Users\shamb\AppData\Loca...}, fedcm:accounts: true, goog:chromeOptions: {debuggerAddress: localhost:59414}, networkConnectionEnabled: false, pageLoadStrategy: normal, platformName: windows, proxy: Proxy(), se:cdp: ws://localhost:59414/devtoo..., se:cdpVersion: 120.0.6099.110, setWindowRect: true, strictFileInteractability: false, timeouts: {implicit: 0, pageLoad: 300000, script: 30000}, unhandledPromptBehavior: dismiss and notify, webauthn:extension:credBlob: true, webauthn:extension:largeBlob: true, webauthn:extension:minPinLength: true, webauthn:extension:prf: true, webauthn:virtualAuthenticators: true}
Session ID: 38db65f0444212c0ec24942afc9ff306
	at java.base/jdk.internal.reflect.NativeConstructorAccessorImpl.newInstance0(Native Method)
	at java.base/jdk.internal.reflect.NativeConstructorAccessorImpl.newInstance(NativeConstructorAccessorImpl.java:77)
	at java.base/jdk.internal.reflect.DelegatingConstructorAccessorImpl.newInstance(DelegatingConstructorAccessorImpl.java:45)
	at java.base/java.lang.reflect.Constructor.newInstanceWithCaller(Constructor.java:499)
	at java.base/java.lang.reflect.Constructor.newInstance(Constructor.java:480)
	at org.openqa.selenium.remote.codec.w3c.W3CHttpResponseCodec.createException(W3CHttpResponseCodec.java:200)
	at org.openqa.selenium.remote.codec.w3c.W3CHttpResponseCodec.decode(W3CHttpResponseCodec.java:133)
	at org.openqa.selenium.remote.codec.w3c.W3CHttpResponseCodec.decode(W3CHttpResponseCodec.java:52)
	at org.openqa.selenium.remote.HttpCommandExecutor.execute(HttpCommandExecutor.java:191)
	at org.openqa.selenium.remote.service.DriverCommandExecutor.invokeExecute(DriverCommandExecutor.java:200)
	at org.openqa.selenium.remote.service.DriverCommandExecutor.execute(DriverCommandExecutor.java:175)
	at org.openqa.selenium.remote.RemoteWebDriver.execute(RemoteWebDriver.java:607)
	at org.openqa.selenium.remote.RemoteWebDriver.execute(RemoteWebDriver.java:680)
	at org.openqa.selenium.remote.RemoteWebDriver.execute(RemoteWebDriver.java:684)
	at org.openqa.selenium.remote.RemoteWebDriver.getScreenshotAs(RemoteWebDriver.java:330)
	at com.tutorialsninja.demo.utility.Utility.getScreenShot(Utility.java:350)
	at com.tutorialsninja.demo.steps.Hooks.tearDown(Hooks.java:19)
</textarea>
      
      </div>
              </div>
          </div>
        </div>
  </div>
  <div class="card">
    <div class="card-header" role="tab">
      <div class="card-title">
        <div class="node" id="172"><span class="badge log fail-bg mr-2">Fail</span>Verify User Should Navigate To LoginPage Successfully</div>
      </div>
    </div>
        <div class="">
          <div class="card-body">
              <div class="step pass-bg" title="com.tutorialsninja.demo.steps.TopMenuSteps.iAmOnHomepage()">
                <span>Given I am on homepage</span>
      <div>
      </div>
              </div>
              <div class="step fail-bg" title="com.tutorialsninja.demo.steps.MyAccountsSteps.iClickOnMyAccountTab()">
                <span>When I click on My Account tab</span>
      <div>
        <textarea disabled class="code-block">org.openqa.selenium.NoSuchWindowException: no such window: target window already closed
from unknown error: web view not found
  (Session info: chrome=120.0.6099.110)
Build info: version: '4.15.0', revision: '1d14b5521b'
System info: os.name: 'Windows 11', os.arch: 'amd64', os.version: '10.0', java.version: '17.0.8'
Driver info: org.openqa.selenium.chrome.ChromeDriver
Command: [b10dbf11b4dff5634cb98c3da23f887c, findElement {using=xpath, value=//span[contains(text(),'My Account')]}]
Capabilities {acceptInsecureCerts: false, browserName: chrome, browserVersion: 120.0.6099.110, chrome: {chromedriverVersion: 120.0.6099.109 (3419140ab66..., userDataDir: C:\Users\shamb\AppData\Loca...}, fedcm:accounts: true, goog:chromeOptions: {debuggerAddress: localhost:59440}, networkConnectionEnabled: false, pageLoadStrategy: normal, platformName: windows, proxy: Proxy(), se:cdp: ws://localhost:59440/devtoo..., se:cdpVersion: 120.0.6099.110, setWindowRect: true, strictFileInteractability: false, timeouts: {implicit: 0, pageLoad: 300000, script: 30000}, unhandledPromptBehavior: dismiss and notify, webauthn:extension:credBlob: true, webauthn:extension:largeBlob: true, webauthn:extension:minPinLength: true, webauthn:extension:prf: true, webauthn:virtualAuthenticators: true}
Session ID: b10dbf11b4dff5634cb98c3da23f887c
	at java.base/jdk.internal.reflect.NativeConstructorAccessorImpl.newInstance0(Native Method)
	at java.base/jdk.internal.reflect.NativeConstructorAccessorImpl.newInstance(NativeConstructorAccessorImpl.java:77)
	at java.base/jdk.internal.reflect.DelegatingConstructorAccessorImpl.newInstance(DelegatingConstructorAccessorImpl.java:45)
	at java.base/java.lang.reflect.Constructor.newInstanceWithCaller(Constructor.java:499)
	at java.base/java.lang.reflect.Constructor.newInstance(Constructor.java:480)
	at org.openqa.selenium.remote.codec.w3c.W3CHttpResponseCodec.createException(W3CHttpResponseCodec.java:200)
	at org.openqa.selenium.remote.codec.w3c.W3CHttpResponseCodec.decode(W3CHttpResponseCodec.java:133)
	at org.openqa.selenium.remote.codec.w3c.W3CHttpResponseCodec.decode(W3CHttpResponseCodec.java:52)
	at org.openqa.selenium.remote.HttpCommandExecutor.execute(HttpCommandExecutor.java:191)
	at org.openqa.selenium.remote.service.DriverCommandExecutor.invokeExecute(DriverCommandExecutor.java:200)
	at org.openqa.selenium.remote.service.DriverCommandExecutor.execute(DriverCommandExecutor.java:175)
	at org.openqa.selenium.remote.RemoteWebDriver.execute(RemoteWebDriver.java:607)
	at org.openqa.selenium.remote.ElementLocation$ElementFinder$2.findElement(ElementLocation.java:165)
	at org.openqa.selenium.remote.ElementLocation.findElement(ElementLocation.java:59)
	at org.openqa.selenium.remote.RemoteWebDriver.findElement(RemoteWebDriver.java:364)
	at org.openqa.selenium.remote.RemoteWebDriver.findElement(RemoteWebDriver.java:358)
	at org.openqa.selenium.support.pagefactory.DefaultElementLocator.findElement(DefaultElementLocator.java:68)
	at org.openqa.selenium.support.pagefactory.internal.LocatingElementHandler.invoke(LocatingElementHandler.java:38)
	at jdk.proxy2/jdk.proxy2.$Proxy30.click(Unknown Source)
	at com.tutorialsninja.demo.utility.Utility.clickOnElement(Utility.java:49)
	at com.tutorialsninja.demo.pages.HomePage.clickOnMyAccount(HomePage.java:121)
	at com.tutorialsninja.demo.steps.MyAccountsSteps.iClickOnMyAccountTab(MyAccountsSteps.java:12)
	at ✽.I click on My Account tab(file:///C:/Users/shamb/IdeaProjects/tutorialsninija-sw-6/src/test/resources/features/myaccountstest.feature:20)
</textarea>
      
      </div>
              </div>
              <div class="step skip-bg" title="com.tutorialsninja.demo.steps.MyAccountsSteps.iCallTheMethodSelectMyAccountOptionsMethodAndPassTheParameter(java.lang.String)">
                <span>And I call the method selectMyAccountOptions method and pass the parameter "Login"</span>
      <div>Step skipped
      </div>
              </div>
              <div class="step skip-bg" title="com.tutorialsninja.demo.steps.MyAccountsSteps.iShouldSeeTextAsReturningCustomer(java.lang.String)">
                <span>Then I should see text as returning customer "Returning Customer"</span>
      <div>Step skipped
      </div>
              </div>
              <div class="step fail-bg" title="AFTER">
                <span>com.tutorialsninja.demo.steps.Hooks.tearDown(io.cucumber.java.Scenario)</span>
      <div>
        <textarea disabled class="code-block">org.openqa.selenium.NoSuchWindowException: no such window: target window already closed
from unknown error: web view not found
  (Session info: chrome=120.0.6099.110)
Build info: version: '4.15.0', revision: '1d14b5521b'
System info: os.name: 'Windows 11', os.arch: 'amd64', os.version: '10.0', java.version: '17.0.8'
Driver info: org.openqa.selenium.chrome.ChromeDriver
Command: [b10dbf11b4dff5634cb98c3da23f887c, screenshot {}]
Capabilities {acceptInsecureCerts: false, browserName: chrome, browserVersion: 120.0.6099.110, chrome: {chromedriverVersion: 120.0.6099.109 (3419140ab66..., userDataDir: C:\Users\shamb\AppData\Loca...}, fedcm:accounts: true, goog:chromeOptions: {debuggerAddress: localhost:59440}, networkConnectionEnabled: false, pageLoadStrategy: normal, platformName: windows, proxy: Proxy(), se:cdp: ws://localhost:59440/devtoo..., se:cdpVersion: 120.0.6099.110, setWindowRect: true, strictFileInteractability: false, timeouts: {implicit: 0, pageLoad: 300000, script: 30000}, unhandledPromptBehavior: dismiss and notify, webauthn:extension:credBlob: true, webauthn:extension:largeBlob: true, webauthn:extension:minPinLength: true, webauthn:extension:prf: true, webauthn:virtualAuthenticators: true}
Session ID: b10dbf11b4dff5634cb98c3da23f887c
	at java.base/jdk.internal.reflect.NativeConstructorAccessorImpl.newInstance0(Native Method)
	at java.base/jdk.internal.reflect.NativeConstructorAccessorImpl.newInstance(NativeConstructorAccessorImpl.java:77)
	at java.base/jdk.internal.reflect.DelegatingConstructorAccessorImpl.newInstance(DelegatingConstructorAccessorImpl.java:45)
	at java.base/java.lang.reflect.Constructor.newInstanceWithCaller(Constructor.java:499)
	at java.base/java.lang.reflect.Constructor.newInstance(Constructor.java:480)
	at org.openqa.selenium.remote.codec.w3c.W3CHttpResponseCodec.createException(W3CHttpResponseCodec.java:200)
	at org.openqa.selenium.remote.codec.w3c.W3CHttpResponseCodec.decode(W3CHttpResponseCodec.java:133)
	at org.openqa.selenium.remote.codec.w3c.W3CHttpResponseCodec.decode(W3CHttpResponseCodec.java:52)
	at org.openqa.selenium.remote.HttpCommandExecutor.execute(HttpCommandExecutor.java:191)
	at org.openqa.selenium.remote.service.DriverCommandExecutor.invokeExecute(DriverCommandExecutor.java:200)
	at org.openqa.selenium.remote.service.DriverCommandExecutor.execute(DriverCommandExecutor.java:175)
	at org.openqa.selenium.remote.RemoteWebDriver.execute(RemoteWebDriver.java:607)
	at org.openqa.selenium.remote.RemoteWebDriver.execute(RemoteWebDriver.java:680)
	at org.openqa.selenium.remote.RemoteWebDriver.execute(RemoteWebDriver.java:684)
	at org.openqa.selenium.remote.RemoteWebDriver.getScreenshotAs(RemoteWebDriver.java:330)
	at com.tutorialsninja.demo.utility.Utility.getScreenShot(Utility.java:350)
	at com.tutorialsninja.demo.steps.Hooks.tearDown(Hooks.java:19)
</textarea>
      
      </div>
              </div>
          </div>
        </div>
  </div>
  <div class="card">
    <div class="card-header" role="tab">
      <div class="card-title">
        <div class="node" id="179"><span class="badge log fail-bg mr-2">Fail</span>Verify That User Register Account Successfully</div>
      </div>
    </div>
        <div class="">
          <div class="card-body">
              <div class="step pass-bg" title="com.tutorialsninja.demo.steps.TopMenuSteps.iAmOnHomepage()">
                <span>Given I am on homepage</span>
      <div>
      </div>
              </div>
              <div class="step fail-bg" title="com.tutorialsninja.demo.steps.MyAccountsSteps.iClickOnMyAccountTab()">
                <span>When I click on My Account tab</span>
      <div>
        <textarea disabled class="code-block">org.openqa.selenium.NoSuchWindowException: no such window: target window already closed
from unknown error: web view not found
  (Session info: chrome=120.0.6099.110)
Build info: version: '4.15.0', revision: '1d14b5521b'
System info: os.name: 'Windows 11', os.arch: 'amd64', os.version: '10.0', java.version: '17.0.8'
Driver info: org.openqa.selenium.chrome.ChromeDriver
Command: [5a34ccaf4746edf4834bc16ab9bd9c45, findElement {using=xpath, value=//span[contains(text(),'My Account')]}]
Capabilities {acceptInsecureCerts: false, browserName: chrome, browserVersion: 120.0.6099.110, chrome: {chromedriverVersion: 120.0.6099.109 (3419140ab66..., userDataDir: C:\Users\shamb\AppData\Loca...}, fedcm:accounts: true, goog:chromeOptions: {debuggerAddress: localhost:59460}, networkConnectionEnabled: false, pageLoadStrategy: normal, platformName: windows, proxy: Proxy(), se:cdp: ws://localhost:59460/devtoo..., se:cdpVersion: 120.0.6099.110, setWindowRect: true, strictFileInteractability: false, timeouts: {implicit: 0, pageLoad: 300000, script: 30000}, unhandledPromptBehavior: dismiss and notify, webauthn:extension:credBlob: true, webauthn:extension:largeBlob: true, webauthn:extension:minPinLength: true, webauthn:extension:prf: true, webauthn:virtualAuthenticators: true}
Session ID: 5a34ccaf4746edf4834bc16ab9bd9c45
	at java.base/jdk.internal.reflect.NativeConstructorAccessorImpl.newInstance0(Native Method)
	at java.base/jdk.internal.reflect.NativeConstructorAccessorImpl.newInstance(NativeConstructorAccessorImpl.java:77)
	at java.base/jdk.internal.reflect.DelegatingConstructorAccessorImpl.newInstance(DelegatingConstructorAccessorImpl.java:45)
	at java.base/java.lang.reflect.Constructor.newInstanceWithCaller(Constructor.java:499)
	at java.base/java.lang.reflect.Constructor.newInstance(Constructor.java:480)
	at org.openqa.selenium.remote.codec.w3c.W3CHttpResponseCodec.createException(W3CHttpResponseCodec.java:200)
	at org.openqa.selenium.remote.codec.w3c.W3CHttpResponseCodec.decode(W3CHttpResponseCodec.java:133)
	at org.openqa.selenium.remote.codec.w3c.W3CHttpResponseCodec.decode(W3CHttpResponseCodec.java:52)
	at org.openqa.selenium.remote.HttpCommandExecutor.execute(HttpCommandExecutor.java:191)
	at org.openqa.selenium.remote.service.DriverCommandExecutor.invokeExecute(DriverCommandExecutor.java:200)
	at org.openqa.selenium.remote.service.DriverCommandExecutor.execute(DriverCommandExecutor.java:175)
	at org.openqa.selenium.remote.RemoteWebDriver.execute(RemoteWebDriver.java:607)
	at org.openqa.selenium.remote.ElementLocation$ElementFinder$2.findElement(ElementLocation.java:165)
	at org.openqa.selenium.remote.ElementLocation.findElement(ElementLocation.java:59)
	at org.openqa.selenium.remote.RemoteWebDriver.findElement(RemoteWebDriver.java:364)
	at org.openqa.selenium.remote.RemoteWebDriver.findElement(RemoteWebDriver.java:358)
	at org.openqa.selenium.support.pagefactory.DefaultElementLocator.findElement(DefaultElementLocator.java:68)
	at org.openqa.selenium.support.pagefactory.internal.LocatingElementHandler.invoke(LocatingElementHandler.java:38)
	at jdk.proxy2/jdk.proxy2.$Proxy30.click(Unknown Source)
	at com.tutorialsninja.demo.utility.Utility.clickOnElement(Utility.java:49)
	at com.tutorialsninja.demo.pages.HomePage.clickOnMyAccount(HomePage.java:121)
	at com.tutorialsninja.demo.steps.MyAccountsSteps.iClickOnMyAccountTab(MyAccountsSteps.java:12)
	at ✽.I click on My Account tab(file:///C:/Users/shamb/IdeaProjects/tutorialsninija-sw-6/src/test/resources/features/myaccountstest.feature:27)
</textarea>
      
      </div>
              </div>
              <div class="step skip-bg" title="com.tutorialsninja.demo.steps.MyAccountsSteps.iCallTheMethodSelectMyAccountOptionsMethodAndPassTheParameter(java.lang.String)">
                <span>And I call the method selectMyAccountOptions method and pass the parameter "Register"</span>
      <div>Step skipped
      </div>
              </div>
              <div class="step skip-bg" title="com.tutorialsninja.demo.steps.MyAccountsSteps.iEnterFirstNameInRegisterPage(java.lang.String)">
                <span>And I enter First Name "Dhyan" in register page</span>
      <div>Step skipped
      </div>
              </div>
              <div class="step skip-bg" title="com.tutorialsninja.demo.steps.MyAccountsSteps.iEnterLastNameInRegisterPage(java.lang.String)">
                <span>And I enter Last Name "Magn" in register page</span>
      <div>Step skipped
      </div>
              </div>
              <div class="step skip-bg" title="com.tutorialsninja.demo.steps.MyAccountsSteps.iEnterEmailInRegisterPage(java.lang.String)">
                <span>And I enter Email "Dhyan@grr.la" in register page</span>
      <div>Step skipped
      </div>
              </div>
              <div class="step skip-bg" title="com.tutorialsninja.demo.steps.MyAccountsSteps.iEnterTelephoneInRegisterPage(java.lang.String)">
                <span>And I enter Telephone "01234345555" in register page</span>
      <div>Step skipped
      </div>
              </div>
              <div class="step skip-bg" title="com.tutorialsninja.demo.steps.MyAccountsSteps.iEnterPasswordInRegisterPage(java.lang.String)">
                <span>And I enter Password "HellNone" in register page</span>
      <div>Step skipped
      </div>
              </div>
              <div class="step skip-bg" title="com.tutorialsninja.demo.steps.MyAccountsSteps.iEnterConfirmPasswordInRegisterPage(java.lang.String)">
                <span>And I enter Confirm Password "HellNone" in register page</span>
      <div>Step skipped
      </div>
              </div>
              <div class="step skip-bg" title="com.tutorialsninja.demo.steps.MyAccountsSteps.iSelectSubscribeYesRadioButtonInRegisterPage()">
                <span>And I select Subscribe Yes radio button in register page</span>
      <div>Step skipped
      </div>
              </div>
              <div class="step skip-bg" title="com.tutorialsninja.demo.steps.MyAccountsSteps.iClickOnPrivacyPolicyCheckBoxInRegisterPage()">
                <span>And I click on Privacy Policy check box in register page</span>
      <div>Step skipped
      </div>
              </div>
              <div class="step skip-bg" title="com.tutorialsninja.demo.steps.MyAccountsSteps.iClickOnContinueButtonForRegistrationInRegisterPage()">
                <span>And I click on Continue button for registration in register page</span>
      <div>Step skipped
      </div>
              </div>
              <div class="step skip-bg" title="com.tutorialsninja.demo.steps.MyAccountsSteps.iShouldSeeTheMessage(java.lang.String)">
                <span>And I should see the message "Your Account Has Been Created!"</span>
      <div>Step skipped
      </div>
              </div>
              <div class="step skip-bg" title="com.tutorialsninja.demo.steps.MyAccountsSteps.iClickOnContinueButton()">
                <span>And I click on Continue button</span>
      <div>Step skipped
      </div>
              </div>
              <div class="step skip-bg" title="com.tutorialsninja.demo.steps.MyAccountsSteps.iClickOnMyAccountLink()">
                <span>And I click on My Account Link</span>
      <div>Step skipped
      </div>
              </div>
              <div class="step skip-bg" title="com.tutorialsninja.demo.steps.MyAccountsSteps.iCallTheMethodSelectMyAccountOptionsMethodAndPassTheParameter(java.lang.String)">
                <span>And I call the method selectMyAccountOptions method and pass the parameter "Logout"</span>
      <div>Step skipped
      </div>
              </div>
              <div class="step skip-bg" title="com.tutorialsninja.demo.steps.MyAccountsSteps.iShouldSeeTheTextAfterLogout(java.lang.String)">
                <span>And I should see the text after logout "Account Logout"</span>
      <div>Step skipped
      </div>
              </div>
              <div class="step skip-bg" title="com.tutorialsninja.demo.steps.MyAccountsSteps.iClickOnContinueButton()">
                <span>Then I click on Continue button</span>
      <div>Step skipped
      </div>
              </div>
              <div class="step fail-bg" title="AFTER">
                <span>com.tutorialsninja.demo.steps.Hooks.tearDown(io.cucumber.java.Scenario)</span>
      <div>
        <textarea disabled class="code-block">org.openqa.selenium.NoSuchWindowException: no such window: target window already closed
from unknown error: web view not found
  (Session info: chrome=120.0.6099.110)
Build info: version: '4.15.0', revision: '1d14b5521b'
System info: os.name: 'Windows 11', os.arch: 'amd64', os.version: '10.0', java.version: '17.0.8'
Driver info: org.openqa.selenium.chrome.ChromeDriver
Command: [5a34ccaf4746edf4834bc16ab9bd9c45, screenshot {}]
Capabilities {acceptInsecureCerts: false, browserName: chrome, browserVersion: 120.0.6099.110, chrome: {chromedriverVersion: 120.0.6099.109 (3419140ab66..., userDataDir: C:\Users\shamb\AppData\Loca...}, fedcm:accounts: true, goog:chromeOptions: {debuggerAddress: localhost:59460}, networkConnectionEnabled: false, pageLoadStrategy: normal, platformName: windows, proxy: Proxy(), se:cdp: ws://localhost:59460/devtoo..., se:cdpVersion: 120.0.6099.110, setWindowRect: true, strictFileInteractability: false, timeouts: {implicit: 0, pageLoad: 300000, script: 30000}, unhandledPromptBehavior: dismiss and notify, webauthn:extension:credBlob: true, webauthn:extension:largeBlob: true, webauthn:extension:minPinLength: true, webauthn:extension:prf: true, webauthn:virtualAuthenticators: true}
Session ID: 5a34ccaf4746edf4834bc16ab9bd9c45
	at java.base/jdk.internal.reflect.NativeConstructorAccessorImpl.newInstance0(Native Method)
	at java.base/jdk.internal.reflect.NativeConstructorAccessorImpl.newInstance(NativeConstructorAccessorImpl.java:77)
	at java.base/jdk.internal.reflect.DelegatingConstructorAccessorImpl.newInstance(DelegatingConstructorAccessorImpl.java:45)
	at java.base/java.lang.reflect.Constructor.newInstanceWithCaller(Constructor.java:499)
	at java.base/java.lang.reflect.Constructor.newInstance(Constructor.java:480)
	at org.openqa.selenium.remote.codec.w3c.W3CHttpResponseCodec.createException(W3CHttpResponseCodec.java:200)
	at org.openqa.selenium.remote.codec.w3c.W3CHttpResponseCodec.decode(W3CHttpResponseCodec.java:133)
	at org.openqa.selenium.remote.codec.w3c.W3CHttpResponseCodec.decode(W3CHttpResponseCodec.java:52)
	at org.openqa.selenium.remote.HttpCommandExecutor.execute(HttpCommandExecutor.java:191)
	at org.openqa.selenium.remote.service.DriverCommandExecutor.invokeExecute(DriverCommandExecutor.java:200)
	at org.openqa.selenium.remote.service.DriverCommandExecutor.execute(DriverCommandExecutor.java:175)
	at org.openqa.selenium.remote.RemoteWebDriver.execute(RemoteWebDriver.java:607)
	at org.openqa.selenium.remote.RemoteWebDriver.execute(RemoteWebDriver.java:680)
	at org.openqa.selenium.remote.RemoteWebDriver.execute(RemoteWebDriver.java:684)
	at org.openqa.selenium.remote.RemoteWebDriver.getScreenshotAs(RemoteWebDriver.java:330)
	at com.tutorialsninja.demo.utility.Utility.getScreenShot(Utility.java:350)
	at com.tutorialsninja.demo.steps.Hooks.tearDown(Hooks.java:19)
</textarea>
      
      </div>
              </div>
          </div>
        </div>
  </div>
  <div class="card">
    <div class="card-header" role="tab">
      <div class="card-title">
        <div class="node" id="200"><span class="badge log fail-bg mr-2">Fail</span>Verify That User Should Login And Logout</div>
      </div>
    </div>
        <div class="">
          <div class="card-body">
              <div class="step pass-bg" title="com.tutorialsninja.demo.steps.TopMenuSteps.iAmOnHomepage()">
                <span>Given I am on homepage</span>
      <div>
      </div>
              </div>
              <div class="step fail-bg" title="com.tutorialsninja.demo.steps.MyAccountsSteps.iClickOnMyAccountTab()">
                <span>When I click on My Account tab</span>
      <div>
        <textarea disabled class="code-block">org.openqa.selenium.NoSuchWindowException: no such window: target window already closed
from unknown error: web view not found
  (Session info: chrome=120.0.6099.110)
Build info: version: '4.15.0', revision: '1d14b5521b'
System info: os.name: 'Windows 11', os.arch: 'amd64', os.version: '10.0', java.version: '17.0.8'
Driver info: org.openqa.selenium.chrome.ChromeDriver
Command: [8d2bc3afe7a541fddf325d4ff1bd062c, findElement {using=xpath, value=//span[contains(text(),'My Account')]}]
Capabilities {acceptInsecureCerts: false, browserName: chrome, browserVersion: 120.0.6099.110, chrome: {chromedriverVersion: 120.0.6099.109 (3419140ab66..., userDataDir: C:\Users\shamb\AppData\Loca...}, fedcm:accounts: true, goog:chromeOptions: {debuggerAddress: localhost:59480}, networkConnectionEnabled: false, pageLoadStrategy: normal, platformName: windows, proxy: Proxy(), se:cdp: ws://localhost:59480/devtoo..., se:cdpVersion: 120.0.6099.110, setWindowRect: true, strictFileInteractability: false, timeouts: {implicit: 0, pageLoad: 300000, script: 30000}, unhandledPromptBehavior: dismiss and notify, webauthn:extension:credBlob: true, webauthn:extension:largeBlob: true, webauthn:extension:minPinLength: true, webauthn:extension:prf: true, webauthn:virtualAuthenticators: true}
Session ID: 8d2bc3afe7a541fddf325d4ff1bd062c
	at java.base/jdk.internal.reflect.NativeConstructorAccessorImpl.newInstance0(Native Method)
	at java.base/jdk.internal.reflect.NativeConstructorAccessorImpl.newInstance(NativeConstructorAccessorImpl.java:77)
	at java.base/jdk.internal.reflect.DelegatingConstructorAccessorImpl.newInstance(DelegatingConstructorAccessorImpl.java:45)
	at java.base/java.lang.reflect.Constructor.newInstanceWithCaller(Constructor.java:499)
	at java.base/java.lang.reflect.Constructor.newInstance(Constructor.java:480)
	at org.openqa.selenium.remote.codec.w3c.W3CHttpResponseCodec.createException(W3CHttpResponseCodec.java:200)
	at org.openqa.selenium.remote.codec.w3c.W3CHttpResponseCodec.decode(W3CHttpResponseCodec.java:133)
	at org.openqa.selenium.remote.codec.w3c.W3CHttpResponseCodec.decode(W3CHttpResponseCodec.java:52)
	at org.openqa.selenium.remote.HttpCommandExecutor.execute(HttpCommandExecutor.java:191)
	at org.openqa.selenium.remote.service.DriverCommandExecutor.invokeExecute(DriverCommandExecutor.java:200)
	at org.openqa.selenium.remote.service.DriverCommandExecutor.execute(DriverCommandExecutor.java:175)
	at org.openqa.selenium.remote.RemoteWebDriver.execute(RemoteWebDriver.java:607)
	at org.openqa.selenium.remote.ElementLocation$ElementFinder$2.findElement(ElementLocation.java:165)
	at org.openqa.selenium.remote.ElementLocation.findElement(ElementLocation.java:59)
	at org.openqa.selenium.remote.RemoteWebDriver.findElement(RemoteWebDriver.java:364)
	at org.openqa.selenium.remote.RemoteWebDriver.findElement(RemoteWebDriver.java:358)
	at org.openqa.selenium.support.pagefactory.DefaultElementLocator.findElement(DefaultElementLocator.java:68)
	at org.openqa.selenium.support.pagefactory.internal.LocatingElementHandler.invoke(LocatingElementHandler.java:38)
	at jdk.proxy2/jdk.proxy2.$Proxy30.click(Unknown Source)
	at com.tutorialsninja.demo.utility.Utility.clickOnElement(Utility.java:49)
	at com.tutorialsninja.demo.pages.HomePage.clickOnMyAccount(HomePage.java:121)
	at com.tutorialsninja.demo.steps.MyAccountsSteps.iClickOnMyAccountTab(MyAccountsSteps.java:12)
	at ✽.I click on My Account tab(file:///C:/Users/shamb/IdeaProjects/tutorialsninija-sw-6/src/test/resources/features/myaccountstest.feature:48)
</textarea>
      
      </div>
              </div>
              <div class="step skip-bg" title="com.tutorialsninja.demo.steps.MyAccountsSteps.iCallTheMethodSelectMyAccountOptionsMethodAndPassTheParameter(java.lang.String)">
                <span>And I call the method selectMyAccountOptions method and pass the parameter "Login"</span>
      <div>Step skipped
      </div>
              </div>
              <div class="step skip-bg" title="com.tutorialsninja.demo.steps.MyAccountsSteps.iEnterEmailAddressInLoginPage(java.lang.String)">
                <span>And I Enter Email address "Dhyan@grr.la" in login page</span>
      <div>Step skipped
      </div>
              </div>
              <div class="step skip-bg" title="com.tutorialsninja.demo.steps.MyAccountsSteps.iEnterPassword(java.lang.String)">
                <span>And I enter Password "HellNone"</span>
      <div>Step skipped
      </div>
              </div>
              <div class="step skip-bg" title="com.tutorialsninja.demo.steps.MyAccountsSteps.iClickOnLoginButton()">
                <span>And I Click on Login button</span>
      <div>Step skipped
      </div>
              </div>
              <div class="step skip-bg" title="com.tutorialsninja.demo.steps.MyAccountsSteps.iShouldSeeTheMyAccountText(java.lang.String)">
                <span>And I should see the my account text "My Account"</span>
      <div>Step skipped
      </div>
              </div>
              <div class="step skip-bg" title="com.tutorialsninja.demo.steps.MyAccountsSteps.iClickOnMyAccountLink()">
                <span>And I click on My Account Link</span>
      <div>Step skipped
      </div>
              </div>
              <div class="step skip-bg" title="com.tutorialsninja.demo.steps.MyAccountsSteps.iCallTheMethodSelectMyAccountOptionsMethodAndPassTheParameter(java.lang.String)">
                <span>And I call the method selectMyAccountOptions method and pass the parameter "Logout"</span>
      <div>Step skipped
      </div>
              </div>
              <div class="step skip-bg" title="com.tutorialsninja.demo.steps.MyAccountsSteps.iShouldSeeTheTextAccountLogoutAfterLogout(java.lang.String)">
                <span>And I should see the text account logout "Account Logout" after logout</span>
      <div>Step skipped
      </div>
              </div>
              <div class="step skip-bg" title="com.tutorialsninja.demo.steps.MyAccountsSteps.iClickOnContinueButton()">
                <span>Then I click on Continue button</span>
      <div>Step skipped
      </div>
              </div>
              <div class="step fail-bg" title="AFTER">
                <span>com.tutorialsninja.demo.steps.Hooks.tearDown(io.cucumber.java.Scenario)</span>
      <div>
        <textarea disabled class="code-block">org.openqa.selenium.NoSuchWindowException: no such window: target window already closed
from unknown error: web view not found
  (Session info: chrome=120.0.6099.110)
Build info: version: '4.15.0', revision: '1d14b5521b'
System info: os.name: 'Windows 11', os.arch: 'amd64', os.version: '10.0', java.version: '17.0.8'
Driver info: org.openqa.selenium.chrome.ChromeDriver
Command: [8d2bc3afe7a541fddf325d4ff1bd062c, screenshot {}]
Capabilities {acceptInsecureCerts: false, browserName: chrome, browserVersion: 120.0.6099.110, chrome: {chromedriverVersion: 120.0.6099.109 (3419140ab66..., userDataDir: C:\Users\shamb\AppData\Loca...}, fedcm:accounts: true, goog:chromeOptions: {debuggerAddress: localhost:59480}, networkConnectionEnabled: false, pageLoadStrategy: normal, platformName: windows, proxy: Proxy(), se:cdp: ws://localhost:59480/devtoo..., se:cdpVersion: 120.0.6099.110, setWindowRect: true, strictFileInteractability: false, timeouts: {implicit: 0, pageLoad: 300000, script: 30000}, unhandledPromptBehavior: dismiss and notify, webauthn:extension:credBlob: true, webauthn:extension:largeBlob: true, webauthn:extension:minPinLength: true, webauthn:extension:prf: true, webauthn:virtualAuthenticators: true}
Session ID: 8d2bc3afe7a541fddf325d4ff1bd062c
	at java.base/jdk.internal.reflect.NativeConstructorAccessorImpl.newInstance0(Native Method)
	at java.base/jdk.internal.reflect.NativeConstructorAccessorImpl.newInstance(NativeConstructorAccessorImpl.java:77)
	at java.base/jdk.internal.reflect.DelegatingConstructorAccessorImpl.newInstance(DelegatingConstructorAccessorImpl.java:45)
	at java.base/java.lang.reflect.Constructor.newInstanceWithCaller(Constructor.java:499)
	at java.base/java.lang.reflect.Constructor.newInstance(Constructor.java:480)
	at org.openqa.selenium.remote.codec.w3c.W3CHttpResponseCodec.createException(W3CHttpResponseCodec.java:200)
	at org.openqa.selenium.remote.codec.w3c.W3CHttpResponseCodec.decode(W3CHttpResponseCodec.java:133)
	at org.openqa.selenium.remote.codec.w3c.W3CHttpResponseCodec.decode(W3CHttpResponseCodec.java:52)
	at org.openqa.selenium.remote.HttpCommandExecutor.execute(HttpCommandExecutor.java:191)
	at org.openqa.selenium.remote.service.DriverCommandExecutor.invokeExecute(DriverCommandExecutor.java:200)
	at org.openqa.selenium.remote.service.DriverCommandExecutor.execute(DriverCommandExecutor.java:175)
	at org.openqa.selenium.remote.RemoteWebDriver.execute(RemoteWebDriver.java:607)
	at org.openqa.selenium.remote.RemoteWebDriver.execute(RemoteWebDriver.java:680)
	at org.openqa.selenium.remote.RemoteWebDriver.execute(RemoteWebDriver.java:684)
	at org.openqa.selenium.remote.RemoteWebDriver.getScreenshotAs(RemoteWebDriver.java:330)
	at com.tutorialsninja.demo.utility.Utility.getScreenShot(Utility.java:350)
	at com.tutorialsninja.demo.steps.Hooks.tearDown(Hooks.java:19)
</textarea>
      
      </div>
              </div>
          </div>
        </div>
  </div>
</div>
          </div>
        </li>
        <li class="test-item"  status="fail" test-id="214"
          author=""
          tag=""
          device="">
          <div class="test-detail">
            <p class="name">Top Menu Feature</p>
            <p class="text-sm">
              <span>18:57:50</span> / <span>00:00:08:258</span>
              <span class="badge fail-bg log float-right">Fail</span>
            </p>
          </div>
          <div class="test-contents d-none">
<div class="detail-head">
<div class="p-v-10">
<div class="info">
<h5 class="test-status text-fail">Top Menu Feature</h5>
<span class='badge badge-success'>12.19.2023 18:57:50</span>
<span class='badge badge-danger'>12.19.2023 18:57:58</span>
<span class='badge badge-default'>00:00:08:258</span>
&middot; <span class='uri-anchor badge badge-default'>#test-id=214</span>
<span class='badge badge-default pointer float-right ml-1 et'><i class="fa fa-chevron-down"></i></span>
<span class='badge badge-default pointer float-right ct'><i class="fa fa-chevron-up"></i></span>
</div>
<div class="m-t-10 m-l-5"> In Order to perform topmenu test
As a User
I have to verify that user should navigate to the corresponding page</div>
</div>
</div>
<div class="accordion mt-4">
  <div class="card">
    <div class="card-header" role="tab">
      <div class="card-title">
        <div class="node" id="215"><span class="badge log fail-bg mr-2">Fail</span>User should navigate to desktops page successfully</div>
      </div>
    </div>
        <div class="scenario_outline ">
            <div class="card-body l1">
              <div class="card-header">
                <div class="card-title outline-child">
                  <div class="node" id="216"><span class="badge log fail-bg mr-2">Fail</span>User should navigate to desktops page successfully</div>
                </div>
              </div>
              <div class="card-body mt-3 ">
                  <div class="step pass-bg">
                    <span>Given I am on homepage</span>
      <div>
      </div>
                  </div>
                  <div class="step fail-bg">
                    <span>When I mouse hover and click on topmenu options "Desktops"</span>
      <div>
        <textarea disabled class="code-block">org.openqa.selenium.json.JsonException: java.lang.reflect.InvocationTargetException
Build info: version: '4.15.0', revision: '1d14b5521b'
System info: os.name: 'Windows 11', os.arch: 'amd64', os.version: '10.0', java.version: '17.0.8'
Driver info: org.openqa.selenium.chrome.ChromeDriver
Command: [408d47f57067a8474469ed42a279fe24, actions {actions=[org.openqa.selenium.interactions.Sequence@2ceb68a1]}]
Capabilities {acceptInsecureCerts: false, browserName: chrome, browserVersion: 120.0.6099.110, chrome: {chromedriverVersion: 120.0.6099.109 (3419140ab66..., userDataDir: C:\Users\shamb\AppData\Loca...}, fedcm:accounts: true, goog:chromeOptions: {debuggerAddress: localhost:59501}, networkConnectionEnabled: false, pageLoadStrategy: normal, platformName: windows, proxy: Proxy(), se:cdp: ws://localhost:59501/devtoo..., se:cdpVersion: 120.0.6099.110, setWindowRect: true, strictFileInteractability: false, timeouts: {implicit: 0, pageLoad: 300000, script: 30000}, unhandledPromptBehavior: dismiss and notify, webauthn:extension:credBlob: true, webauthn:extension:largeBlob: true, webauthn:extension:minPinLength: true, webauthn:extension:prf: true, webauthn:virtualAuthenticators: true}
Session ID: 408d47f57067a8474469ed42a279fe24
	at org.openqa.selenium.json.JsonOutput.convertUsingMethod(JsonOutput.java:520)
	at org.openqa.selenium.json.JsonOutput.lambda$new$16(JsonOutput.java:182)
	at org.openqa.selenium.json.JsonOutput.write0(JsonOutput.java:409)
	at org.openqa.selenium.json.JsonOutput.lambda$new$22(JsonOutput.java:204)
	at java.base/java.util.stream.ForEachOps$ForEachOp$OfRef.accept(ForEachOps.java:183)
	at java.base/java.util.stream.ReferencePipeline$2$1.accept(ReferencePipeline.java:179)
	at java.base/java.util.Iterator.forEachRemaining(Iterator.java:133)
	at java.base/java.util.Spliterators$IteratorSpliterator.forEachRemaining(Spliterators.java:1845)
	at java.base/java.util.stream.AbstractPipeline.copyInto(AbstractPipeline.java:509)
	at java.base/java.util.stream.AbstractPipeline.wrapAndCopyInto(AbstractPipeline.java:499)
	at java.base/java.util.stream.ForEachOps$ForEachOp.evaluateSequential(ForEachOps.java:150)
	at java.base/java.util.stream.ForEachOps$ForEachOp$OfRef.evaluateSequential(ForEachOps.java:173)
	at java.base/java.util.stream.AbstractPipeline.evaluate(AbstractPipeline.java:234)
	at java.base/java.util.stream.ReferencePipeline.forEach(ReferencePipeline.java:596)
	at org.openqa.selenium.json.JsonOutput.lambda$new$23(JsonOutput.java:204)
	at org.openqa.selenium.json.JsonOutput.write0(JsonOutput.java:409)
	at org.openqa.selenium.json.JsonOutput.lambda$new$24(JsonOutput.java:222)
	at com.google.common.collect.SingletonImmutableBiMap.forEach(SingletonImmutableBiMap.java:68)
	at org.openqa.selenium.json.JsonOutput.lambda$new$25(JsonOutput.java:217)
	at org.openqa.selenium.json.JsonOutput.write0(JsonOutput.java:409)
	at org.openqa.selenium.json.JsonOutput.write(JsonOutput.java:400)
	at org.openqa.selenium.json.Json.toJson(Json.java:133)
	at org.openqa.selenium.json.Json.toJson(Json.java:119)
	at org.openqa.selenium.remote.codec.AbstractHttpCommandCodec.encode(AbstractHttpCommandCodec.java:280)
	at org.openqa.selenium.remote.codec.AbstractHttpCommandCodec.encode(AbstractHttpCommandCodec.java:130)
	at org.openqa.selenium.remote.HttpCommandExecutor.execute(HttpCommandExecutor.java:179)
	at org.openqa.selenium.remote.service.DriverCommandExecutor.invokeExecute(DriverCommandExecutor.java:200)
	at org.openqa.selenium.remote.service.DriverCommandExecutor.execute(DriverCommandExecutor.java:175)
	at org.openqa.selenium.remote.RemoteWebDriver.execute(RemoteWebDriver.java:607)
	at org.openqa.selenium.remote.RemoteWebDriver.perform(RemoteWebDriver.java:693)
	at org.openqa.selenium.interactions.Actions$BuiltAction.perform(Actions.java:598)
	at org.openqa.selenium.interactions.Actions.perform(Actions.java:567)
	at com.tutorialsninja.demo.utility.Utility.mouseHoverToElementAndClick(Utility.java:239)
	at com.tutorialsninja.demo.pages.HomePage.mouseHoverAndClickOnDesktop(HomePage.java:93)
	at com.tutorialsninja.demo.steps.TopMenuSteps.iMouseHoverAndClickOnTopmenuOptions(TopMenuSteps.java:23)
	at ✽.I mouse hover and click on topmenu options "Desktops"(file:///C:/Users/shamb/IdeaProjects/tutorialsninija-sw-6/src/test/resources/features/topmenu.feature:10)
	Suppressed: org.openqa.selenium.json.JsonException: Attempting to close incomplete json stream
Build info: version: '4.15.0', revision: '1d14b5521b'
System info: os.name: 'Windows 11', os.arch: 'amd64', os.version: '10.0', java.version: '17.0.8'
Driver info: driver.version: RemoteWebDriver
		at org.openqa.selenium.json.JsonOutput.close(JsonOutput.java:431)
		at org.openqa.selenium.json.Json.toJson(Json.java:131)
		at org.openqa.selenium.json.Json.toJson(Json.java:119)
		at org.openqa.selenium.remote.codec.AbstractHttpCommandCodec.encode(AbstractHttpCommandCodec.java:280)
		at org.openqa.selenium.remote.codec.AbstractHttpCommandCodec.encode(AbstractHttpCommandCodec.java:130)
		at org.openqa.selenium.remote.HttpCommandExecutor.execute(HttpCommandExecutor.java:179)
		at org.openqa.selenium.remote.service.DriverCommandExecutor.invokeExecute(DriverCommandExecutor.java:200)
		at org.openqa.selenium.remote.service.DriverCommandExecutor.execute(DriverCommandExecutor.java:175)
		at org.openqa.selenium.remote.RemoteWebDriver.execute(RemoteWebDriver.java:607)
		at org.openqa.selenium.remote.RemoteWebDriver.perform(RemoteWebDriver.java:693)
		at org.openqa.selenium.interactions.Actions$BuiltAction.perform(Actions.java:598)
		at org.openqa.selenium.interactions.Actions.perform(Actions.java:567)
		at com.tutorialsninja.demo.utility.Utility.mouseHoverToElementAndClick(Utility.java:239)
		at com.tutorialsninja.demo.pages.HomePage.mouseHoverAndClickOnDesktop(HomePage.java:93)
		at com.tutorialsninja.demo.steps.TopMenuSteps.iMouseHoverAndClickOnTopmenuOptions(TopMenuSteps.java:23)
		at java.base/jdk.internal.reflect.NativeMethodAccessorImpl.invoke0(Native Method)
		at java.base/jdk.internal.reflect.NativeMethodAccessorImpl.invoke(NativeMethodAccessorImpl.java:77)
		at java.base/jdk.internal.reflect.DelegatingMethodAccessorImpl.invoke(DelegatingMethodAccessorImpl.java:43)
		at java.base/java.lang.reflect.Method.invoke(Method.java:568)
		at io.cucumber.java.Invoker.doInvoke(Invoker.java:66)
		at io.cucumber.java.Invoker.invoke(Invoker.java:24)
		at io.cucumber.java.AbstractGlueDefinition.invokeMethod(AbstractGlueDefinition.java:47)
		at io.cucumber.java.JavaStepDefinition.execute(JavaStepDefinition.java:29)
		at io.cucumber.core.runner.CoreStepDefinition.execute(CoreStepDefinition.java:66)
		at io.cucumber.core.runner.PickleStepDefinitionMatch.runStep(PickleStepDefinitionMatch.java:63)
		at io.cucumber.core.runner.ExecutionMode$1.execute(ExecutionMode.java:10)
		at io.cucumber.core.runner.TestStep.executeStep(TestStep.java:84)
		at io.cucumber.core.runner.TestStep.run(TestStep.java:56)
		at io.cucumber.core.runner.PickleStepTestStep.run(PickleStepTestStep.java:51)
		at io.cucumber.core.runner.TestCase.run(TestCase.java:84)
		at io.cucumber.core.runner.Runner.runPickle(Runner.java:75)
		at io.cucumber.testng.TestNGCucumberRunner.lambda$runScenario$1(TestNGCucumberRunner.java:132)
		at io.cucumber.core.runtime.CucumberExecutionContext.lambda$runTestCase$5(CucumberExecutionContext.java:137)
		at io.cucumber.core.runtime.RethrowingThrowableCollector.executeAndThrow(RethrowingThrowableCollector.java:23)
		at io.cucumber.core.runtime.CucumberExecutionContext.runTestCase(CucumberExecutionContext.java:137)
		at io.cucumber.testng.TestNGCucumberRunner.runScenario(TestNGCucumberRunner.java:129)
		at io.cucumber.testng.AbstractTestNGCucumberTests.runScenario(AbstractTestNGCucumberTests.java:35)
		at java.base/jdk.internal.reflect.NativeMethodAccessorImpl.invoke0(Native Method)
		at java.base/jdk.internal.reflect.NativeMethodAccessorImpl.invoke(NativeMethodAccessorImpl.java:77)
		at java.base/jdk.internal.reflect.DelegatingMethodAccessorImpl.invoke(DelegatingMethodAccessorImpl.java:43)
		at java.base/java.lang.reflect.Method.invoke(Method.java:568)
		at org.testng.internal.invokers.MethodInvocationHelper.invokeMethod(MethodInvocationHelper.java:139)
		at org.testng.internal.invokers.TestInvoker.invokeMethod(TestInvoker.java:664)
		at org.testng.internal.invokers.TestInvoker.invokeTestMethod(TestInvoker.java:227)
		at org.testng.internal.invokers.MethodRunner.runInSequence(MethodRunner.java:50)
		at org.testng.internal.invokers.TestInvoker$MethodInvocationAgent.invoke(TestInvoker.java:957)
		at org.testng.internal.invokers.TestInvoker.invokeTestMethods(TestInvoker.java:200)
		at org.testng.internal.invokers.TestMethodWorker.invokeTestMethods(TestMethodWorker.java:148)
		at org.testng.internal.invokers.TestMethodWorker.run(TestMethodWorker.java:128)
		at java.base/java.util.ArrayList.forEach(ArrayList.java:1511)
		at org.testng.TestRunner.privateRun(TestRunner.java:848)
		at org.testng.TestRunner.run(TestRunner.java:621)
		at org.testng.SuiteRunner.runTest(SuiteRunner.java:443)
		at org.testng.SuiteRunner.runSequentially(SuiteRunner.java:437)
		at org.testng.SuiteRunner.privateRun(SuiteRunner.java:397)
		at org.testng.SuiteRunner.run(SuiteRunner.java:336)
		at org.testng.SuiteRunnerWorker.runSuite(SuiteRunnerWorker.java:52)
		at org.testng.SuiteRunnerWorker.run(SuiteRunnerWorker.java:95)
		at org.testng.TestNG.runSuitesSequentially(TestNG.java:1280)
		at org.testng.TestNG.runSuitesLocally(TestNG.java:1200)
		at org.testng.TestNG.runSuites(TestNG.java:1114)
		at org.testng.TestNG.run(TestNG.java:1082)
		at com.intellij.rt.testng.IDEARemoteTestNG.run(IDEARemoteTestNG.java:66)
		at com.intellij.rt.testng.RemoteTestNGStarter.main(RemoteTestNGStarter.java:105)
Caused by: java.lang.reflect.InvocationTargetException
	at jdk.internal.reflect.GeneratedMethodAccessor87.invoke(Unknown Source)
	at java.base/jdk.internal.reflect.DelegatingMethodAccessorImpl.invoke(DelegatingMethodAccessorImpl.java:43)
	at java.base/java.lang.reflect.Method.invoke(Method.java:568)
	at org.openqa.selenium.json.JsonOutput.convertUsingMethod(JsonOutput.java:516)
	at org.openqa.selenium.json.JsonOutput.lambda$new$16(JsonOutput.java:182)
	at org.openqa.selenium.json.JsonOutput.write0(JsonOutput.java:409)
	at org.openqa.selenium.json.JsonOutput.lambda$new$22(JsonOutput.java:204)
	at java.base/java.util.stream.ForEachOps$ForEachOp$OfRef.accept(ForEachOps.java:183)
	at java.base/java.util.stream.ReferencePipeline$2$1.accept(ReferencePipeline.java:179)
	at java.base/java.util.Iterator.forEachRemaining(Iterator.java:133)
	at java.base/java.util.Spliterators$IteratorSpliterator.forEachRemaining(Spliterators.java:1845)
	at java.base/java.util.stream.AbstractPipeline.copyInto(AbstractPipeline.java:509)
	at java.base/java.util.stream.AbstractPipeline.wrapAndCopyInto(AbstractPipeline.java:499)
	at java.base/java.util.stream.ForEachOps$ForEachOp.evaluateSequential(ForEachOps.java:150)
	at java.base/java.util.stream.ForEachOps$ForEachOp$OfRef.evaluateSequential(ForEachOps.java:173)
	at java.base/java.util.stream.AbstractPipeline.evaluate(AbstractPipeline.java:234)
	at java.base/java.util.stream.ReferencePipeline.forEach(ReferencePipeline.java:596)
	at org.openqa.selenium.json.JsonOutput.lambda$new$23(JsonOutput.java:204)
	at org.openqa.selenium.json.JsonOutput.write0(JsonOutput.java:409)
	at org.openqa.selenium.json.JsonOutput.lambda$new$24(JsonOutput.java:222)
	at com.google.common.collect.SingletonImmutableBiMap.forEach(SingletonImmutableBiMap.java:68)
	at org.openqa.selenium.json.JsonOutput.lambda$new$25(JsonOutput.java:217)
	at org.openqa.selenium.json.JsonOutput.write0(JsonOutput.java:409)
	at org.openqa.selenium.json.JsonOutput.write(JsonOutput.java:400)
	at org.openqa.selenium.json.Json.toJson(Json.java:133)
	at org.openqa.selenium.json.Json.toJson(Json.java:119)
	at org.openqa.selenium.remote.codec.AbstractHttpCommandCodec.encode(AbstractHttpCommandCodec.java:280)
	at org.openqa.selenium.remote.codec.AbstractHttpCommandCodec.encode(AbstractHttpCommandCodec.java:130)
	at org.openqa.selenium.remote.HttpCommandExecutor.execute(HttpCommandExecutor.java:179)
	at org.openqa.selenium.remote.service.DriverCommandExecutor.invokeExecute(DriverCommandExecutor.java:200)
	at org.openqa.selenium.remote.service.DriverCommandExecutor.execute(DriverCommandExecutor.java:175)
	at org.openqa.selenium.remote.RemoteWebDriver.execute(RemoteWebDriver.java:607)
	at org.openqa.selenium.remote.RemoteWebDriver.perform(RemoteWebDriver.java:693)
	at org.openqa.selenium.interactions.Actions$BuiltAction.perform(Actions.java:598)
	at org.openqa.selenium.interactions.Actions.perform(Actions.java:567)
	at com.tutorialsninja.demo.utility.Utility.mouseHoverToElementAndClick(Utility.java:239)
	at com.tutorialsninja.demo.pages.HomePage.mouseHoverAndClickOnDesktop(HomePage.java:93)
	at com.tutorialsninja.demo.steps.TopMenuSteps.iMouseHoverAndClickOnTopmenuOptions(TopMenuSteps.java:23)
	at java.base/jdk.internal.reflect.NativeMethodAccessorImpl.invoke0(Native Method)
	at java.base/jdk.internal.reflect.NativeMethodAccessorImpl.invoke(NativeMethodAccessorImpl.java:77)
	at java.base/jdk.internal.reflect.DelegatingMethodAccessorImpl.invoke(DelegatingMethodAccessorImpl.java:43)
	at java.base/java.lang.reflect.Method.invoke(Method.java:568)
	at io.cucumber.java.Invoker.doInvoke(Invoker.java:66)
	at io.cucumber.java.Invoker.invoke(Invoker.java:24)
	at io.cucumber.java.AbstractGlueDefinition.invokeMethod(AbstractGlueDefinition.java:47)
	at io.cucumber.java.JavaStepDefinition.execute(JavaStepDefinition.java:29)
	at io.cucumber.core.runner.CoreStepDefinition.execute(CoreStepDefinition.java:66)
	at io.cucumber.core.runner.PickleStepDefinitionMatch.runStep(PickleStepDefinitionMatch.java:63)
	at io.cucumber.core.runner.ExecutionMode$1.execute(ExecutionMode.java:10)
	at io.cucumber.core.runner.TestStep.executeStep(TestStep.java:84)
	at io.cucumber.core.runner.TestStep.run(TestStep.java:56)
	at io.cucumber.core.runner.PickleStepTestStep.run(PickleStepTestStep.java:51)
	at io.cucumber.core.runner.TestCase.run(TestCase.java:84)
	at io.cucumber.core.runner.Runner.runPickle(Runner.java:75)
	at io.cucumber.testng.TestNGCucumberRunner.lambda$runScenario$1(TestNGCucumberRunner.java:132)
	at io.cucumber.core.runtime.CucumberExecutionContext.lambda$runTestCase$5(CucumberExecutionContext.java:137)
	at io.cucumber.core.runtime.RethrowingThrowableCollector.executeAndThrow(RethrowingThrowableCollector.java:23)
	at io.cucumber.core.runtime.CucumberExecutionContext.runTestCase(CucumberExecutionContext.java:137)
	at io.cucumber.testng.TestNGCucumberRunner.runScenario(TestNGCucumberRunner.java:129)
	at io.cucumber.testng.AbstractTestNGCucumberTests.runScenario(AbstractTestNGCucumberTests.java:35)
	at java.base/jdk.internal.reflect.NativeMethodAccessorImpl.invoke0(Native Method)
	at java.base/jdk.internal.reflect.NativeMethodAccessorImpl.invoke(NativeMethodAccessorImpl.java:77)
	at java.base/jdk.internal.reflect.DelegatingMethodAccessorImpl.invoke(DelegatingMethodAccessorImpl.java:43)
	at java.base/java.lang.reflect.Method.invoke(Method.java:568)
	at org.testng.internal.invokers.MethodInvocationHelper.invokeMethod(MethodInvocationHelper.java:139)
	at org.testng.internal.invokers.TestInvoker.invokeMethod(TestInvoker.java:664)
	at org.testng.internal.invokers.TestInvoker.invokeTestMethod(TestInvoker.java:227)
	at org.testng.internal.invokers.MethodRunner.runInSequence(MethodRunner.java:50)
	at org.testng.internal.invokers.TestInvoker$MethodInvocationAgent.invoke(TestInvoker.java:957)
	at org.testng.internal.invokers.TestInvoker.invokeTestMethods(TestInvoker.java:200)
	at org.testng.internal.invokers.TestMethodWorker.invokeTestMethods(TestMethodWorker.java:148)
	at org.testng.internal.invokers.TestMethodWorker.run(TestMethodWorker.java:128)
	at java.base/java.util.ArrayList.forEach(ArrayList.java:1511)
	at org.testng.TestRunner.privateRun(TestRunner.java:848)
	at org.testng.TestRunner.run(TestRunner.java:621)
	at org.testng.SuiteRunner.runTest(SuiteRunner.java:443)
	at org.testng.SuiteRunner.runSequentially(SuiteRunner.java:437)
	at org.testng.SuiteRunner.privateRun(SuiteRunner.java:397)
	at org.testng.SuiteRunner.run(SuiteRunner.java:336)
	at org.testng.SuiteRunnerWorker.runSuite(SuiteRunnerWorker.java:52)
	at org.testng.SuiteRunnerWorker.run(SuiteRunnerWorker.java:95)
	at org.testng.TestNG.runSuitesSequentially(TestNG.java:1280)
	at org.testng.TestNG.runSuitesLocally(TestNG.java:1200)
	at org.testng.TestNG.runSuites(TestNG.java:1114)
	at org.testng.TestNG.run(TestNG.java:1082)
	at com.intellij.rt.testng.IDEARemoteTestNG.run(IDEARemoteTestNG.java:66)
	at com.intellij.rt.testng.RemoteTestNGStarter.main(RemoteTestNGStarter.java:105)
Caused by: org.openqa.selenium.NoSuchWindowException: no such window: target window already closed
from unknown error: web view not found
  (Session info: chrome=120.0.6099.110)
Build info: version: '4.15.0', revision: '1d14b5521b'
System info: os.name: 'Windows 11', os.arch: 'amd64', os.version: '10.0', java.version: '17.0.8'
Driver info: org.openqa.selenium.chrome.ChromeDriver
Command: [408d47f57067a8474469ed42a279fe24, findElement {using=xpath, value=//a[@class='dropdown-toggle'][normalize-space()='Desktops']}]
Capabilities {acceptInsecureCerts: false, browserName: chrome, browserVersion: 120.0.6099.110, chrome: {chromedriverVersion: 120.0.6099.109 (3419140ab66..., userDataDir: C:\Users\shamb\AppData\Loca...}, fedcm:accounts: true, goog:chromeOptions: {debuggerAddress: localhost:59501}, networkConnectionEnabled: false, pageLoadStrategy: normal, platformName: windows, proxy: Proxy(), se:cdp: ws://localhost:59501/devtoo..., se:cdpVersion: 120.0.6099.110, setWindowRect: true, strictFileInteractability: false, timeouts: {implicit: 0, pageLoad: 300000, script: 30000}, unhandledPromptBehavior: dismiss and notify, webauthn:extension:credBlob: true, webauthn:extension:largeBlob: true, webauthn:extension:minPinLength: true, webauthn:extension:prf: true, webauthn:virtualAuthenticators: true}
Session ID: 408d47f57067a8474469ed42a279fe24
	at java.base/jdk.internal.reflect.NativeConstructorAccessorImpl.newInstance0(Native Method)
	at java.base/jdk.internal.reflect.NativeConstructorAccessorImpl.newInstance(NativeConstructorAccessorImpl.java:77)
	at java.base/jdk.internal.reflect.DelegatingConstructorAccessorImpl.newInstance(DelegatingConstructorAccessorImpl.java:45)
	at java.base/java.lang.reflect.Constructor.newInstanceWithCaller(Constructor.java:499)
	at java.base/java.lang.reflect.Constructor.newInstance(Constructor.java:480)
	at org.openqa.selenium.remote.codec.w3c.W3CHttpResponseCodec.createException(W3CHttpResponseCodec.java:200)
	at org.openqa.selenium.remote.codec.w3c.W3CHttpResponseCodec.decode(W3CHttpResponseCodec.java:133)
	at org.openqa.selenium.remote.codec.w3c.W3CHttpResponseCodec.decode(W3CHttpResponseCodec.java:52)
	at org.openqa.selenium.remote.HttpCommandExecutor.execute(HttpCommandExecutor.java:191)
	at org.openqa.selenium.remote.service.DriverCommandExecutor.invokeExecute(DriverCommandExecutor.java:200)
	at org.openqa.selenium.remote.service.DriverCommandExecutor.execute(DriverCommandExecutor.java:175)
	at org.openqa.selenium.remote.RemoteWebDriver.execute(RemoteWebDriver.java:607)
	at org.openqa.selenium.remote.ElementLocation$ElementFinder$2.findElement(ElementLocation.java:165)
	at org.openqa.selenium.remote.ElementLocation.findElement(ElementLocation.java:59)
	at org.openqa.selenium.remote.RemoteWebDriver.findElement(RemoteWebDriver.java:364)
	at org.openqa.selenium.remote.RemoteWebDriver.findElement(RemoteWebDriver.java:358)
	at org.openqa.selenium.support.pagefactory.DefaultElementLocator.findElement(DefaultElementLocator.java:68)
	at org.openqa.selenium.support.pagefactory.internal.LocatingElementHandler.invoke(LocatingElementHandler.java:38)
	at jdk.proxy2/jdk.proxy2.$Proxy30.getWrappedElement(Unknown Source)
	at org.openqa.selenium.interactions.PointerInput$Origin.asArg(PointerInput.java:259)
	at org.openqa.selenium.interactions.PointerInput$Move.encode(PointerInput.java:208)
	at org.openqa.selenium.interactions.Sequence.encode(Sequence.java:72)
	at org.openqa.selenium.interactions.Sequence.toJson(Sequence.java:81)
	... 87 more
</textarea>
      
      </div>
                  </div>
                  <div class="step skip-bg">
                    <span>And I mouse hover and click on topmenu sub options "Show All Desktops"</span>
      <div>Step skipped
      </div>
                  </div>
                  <div class="step skip-bg">
                    <span>Then I should navigate to corresponding page successfully and verify the page heading "Desktops"</span>
      <div>Step skipped
      </div>
                  </div>
                  <div class="step fail-bg">
                    <span>com.tutorialsninja.demo.steps.Hooks.tearDown(io.cucumber.java.Scenario)</span>
      <div>
        <textarea disabled class="code-block">org.openqa.selenium.NoSuchWindowException: no such window: target window already closed
from unknown error: web view not found
  (Session info: chrome=120.0.6099.110)
Build info: version: '4.15.0', revision: '1d14b5521b'
System info: os.name: 'Windows 11', os.arch: 'amd64', os.version: '10.0', java.version: '17.0.8'
Driver info: org.openqa.selenium.chrome.ChromeDriver
Command: [408d47f57067a8474469ed42a279fe24, screenshot {}]
Capabilities {acceptInsecureCerts: false, browserName: chrome, browserVersion: 120.0.6099.110, chrome: {chromedriverVersion: 120.0.6099.109 (3419140ab66..., userDataDir: C:\Users\shamb\AppData\Loca...}, fedcm:accounts: true, goog:chromeOptions: {debuggerAddress: localhost:59501}, networkConnectionEnabled: false, pageLoadStrategy: normal, platformName: windows, proxy: Proxy(), se:cdp: ws://localhost:59501/devtoo..., se:cdpVersion: 120.0.6099.110, setWindowRect: true, strictFileInteractability: false, timeouts: {implicit: 0, pageLoad: 300000, script: 30000}, unhandledPromptBehavior: dismiss and notify, webauthn:extension:credBlob: true, webauthn:extension:largeBlob: true, webauthn:extension:minPinLength: true, webauthn:extension:prf: true, webauthn:virtualAuthenticators: true}
Session ID: 408d47f57067a8474469ed42a279fe24
	at java.base/jdk.internal.reflect.NativeConstructorAccessorImpl.newInstance0(Native Method)
	at java.base/jdk.internal.reflect.NativeConstructorAccessorImpl.newInstance(NativeConstructorAccessorImpl.java:77)
	at java.base/jdk.internal.reflect.DelegatingConstructorAccessorImpl.newInstance(DelegatingConstructorAccessorImpl.java:45)
	at java.base/java.lang.reflect.Constructor.newInstanceWithCaller(Constructor.java:499)
	at java.base/java.lang.reflect.Constructor.newInstance(Constructor.java:480)
	at org.openqa.selenium.remote.codec.w3c.W3CHttpResponseCodec.createException(W3CHttpResponseCodec.java:200)
	at org.openqa.selenium.remote.codec.w3c.W3CHttpResponseCodec.decode(W3CHttpResponseCodec.java:133)
	at org.openqa.selenium.remote.codec.w3c.W3CHttpResponseCodec.decode(W3CHttpResponseCodec.java:52)
	at org.openqa.selenium.remote.HttpCommandExecutor.execute(HttpCommandExecutor.java:191)
	at org.openqa.selenium.remote.service.DriverCommandExecutor.invokeExecute(DriverCommandExecutor.java:200)
	at org.openqa.selenium.remote.service.DriverCommandExecutor.execute(DriverCommandExecutor.java:175)
	at org.openqa.selenium.remote.RemoteWebDriver.execute(RemoteWebDriver.java:607)
	at org.openqa.selenium.remote.RemoteWebDriver.execute(RemoteWebDriver.java:680)
	at org.openqa.selenium.remote.RemoteWebDriver.execute(RemoteWebDriver.java:684)
	at org.openqa.selenium.remote.RemoteWebDriver.getScreenshotAs(RemoteWebDriver.java:330)
	at com.tutorialsninja.demo.utility.Utility.getScreenShot(Utility.java:350)
	at com.tutorialsninja.demo.steps.Hooks.tearDown(Hooks.java:19)
</textarea>
      
      </div>
                  </div>
              </div>
            </div>
            <div class="card-body l1">
              <div class="card-header">
                <div class="card-title outline-child">
                  <div class="node" id="223"><span class="badge log fail-bg mr-2">Fail</span>User should navigate to desktops page successfully</div>
                </div>
              </div>
              <div class="card-body mt-3 ">
                  <div class="step pass-bg">
                    <span>Given I am on homepage</span>
      <div>
      </div>
                  </div>
                  <div class="step fail-bg">
                    <span>When I mouse hover and click on topmenu options "Laptops & Notebooks"</span>
      <div>
        <textarea disabled class="code-block">org.openqa.selenium.json.JsonException: java.lang.reflect.InvocationTargetException
Build info: version: '4.15.0', revision: '1d14b5521b'
System info: os.name: 'Windows 11', os.arch: 'amd64', os.version: '10.0', java.version: '17.0.8'
Driver info: org.openqa.selenium.chrome.ChromeDriver
Command: [06e8bb4e446bfe69600979b2de0395a0, actions {actions=[org.openqa.selenium.interactions.Sequence@77204651]}]
Capabilities {acceptInsecureCerts: false, browserName: chrome, browserVersion: 120.0.6099.110, chrome: {chromedriverVersion: 120.0.6099.109 (3419140ab66..., userDataDir: C:\Users\shamb\AppData\Loca...}, fedcm:accounts: true, goog:chromeOptions: {debuggerAddress: localhost:59517}, networkConnectionEnabled: false, pageLoadStrategy: normal, platformName: windows, proxy: Proxy(), se:cdp: ws://localhost:59517/devtoo..., se:cdpVersion: 120.0.6099.110, setWindowRect: true, strictFileInteractability: false, timeouts: {implicit: 0, pageLoad: 300000, script: 30000}, unhandledPromptBehavior: dismiss and notify, webauthn:extension:credBlob: true, webauthn:extension:largeBlob: true, webauthn:extension:minPinLength: true, webauthn:extension:prf: true, webauthn:virtualAuthenticators: true}
Session ID: 06e8bb4e446bfe69600979b2de0395a0
	at org.openqa.selenium.json.JsonOutput.convertUsingMethod(JsonOutput.java:520)
	at org.openqa.selenium.json.JsonOutput.lambda$new$16(JsonOutput.java:182)
	at org.openqa.selenium.json.JsonOutput.write0(JsonOutput.java:409)
	at org.openqa.selenium.json.JsonOutput.lambda$new$22(JsonOutput.java:204)
	at java.base/java.util.stream.ForEachOps$ForEachOp$OfRef.accept(ForEachOps.java:183)
	at java.base/java.util.stream.ReferencePipeline$2$1.accept(ReferencePipeline.java:179)
	at java.base/java.util.Iterator.forEachRemaining(Iterator.java:133)
	at java.base/java.util.Spliterators$IteratorSpliterator.forEachRemaining(Spliterators.java:1845)
	at java.base/java.util.stream.AbstractPipeline.copyInto(AbstractPipeline.java:509)
	at java.base/java.util.stream.AbstractPipeline.wrapAndCopyInto(AbstractPipeline.java:499)
	at java.base/java.util.stream.ForEachOps$ForEachOp.evaluateSequential(ForEachOps.java:150)
	at java.base/java.util.stream.ForEachOps$ForEachOp$OfRef.evaluateSequential(ForEachOps.java:173)
	at java.base/java.util.stream.AbstractPipeline.evaluate(AbstractPipeline.java:234)
	at java.base/java.util.stream.ReferencePipeline.forEach(ReferencePipeline.java:596)
	at org.openqa.selenium.json.JsonOutput.lambda$new$23(JsonOutput.java:204)
	at org.openqa.selenium.json.JsonOutput.write0(JsonOutput.java:409)
	at org.openqa.selenium.json.JsonOutput.lambda$new$24(JsonOutput.java:222)
	at com.google.common.collect.SingletonImmutableBiMap.forEach(SingletonImmutableBiMap.java:68)
	at org.openqa.selenium.json.JsonOutput.lambda$new$25(JsonOutput.java:217)
	at org.openqa.selenium.json.JsonOutput.write0(JsonOutput.java:409)
	at org.openqa.selenium.json.JsonOutput.write(JsonOutput.java:400)
	at org.openqa.selenium.json.Json.toJson(Json.java:133)
	at org.openqa.selenium.json.Json.toJson(Json.java:119)
	at org.openqa.selenium.remote.codec.AbstractHttpCommandCodec.encode(AbstractHttpCommandCodec.java:280)
	at org.openqa.selenium.remote.codec.AbstractHttpCommandCodec.encode(AbstractHttpCommandCodec.java:130)
	at org.openqa.selenium.remote.HttpCommandExecutor.execute(HttpCommandExecutor.java:179)
	at org.openqa.selenium.remote.service.DriverCommandExecutor.invokeExecute(DriverCommandExecutor.java:200)
	at org.openqa.selenium.remote.service.DriverCommandExecutor.execute(DriverCommandExecutor.java:175)
	at org.openqa.selenium.remote.RemoteWebDriver.execute(RemoteWebDriver.java:607)
	at org.openqa.selenium.remote.RemoteWebDriver.perform(RemoteWebDriver.java:693)
	at org.openqa.selenium.interactions.Actions$BuiltAction.perform(Actions.java:598)
	at org.openqa.selenium.interactions.Actions.perform(Actions.java:567)
	at com.tutorialsninja.demo.utility.Utility.mouseHoverToElementAndClick(Utility.java:239)
	at com.tutorialsninja.demo.pages.HomePage.mouseHoverAndClickOnLaptopsAndNotebooks(HomePage.java:98)
	at com.tutorialsninja.demo.steps.TopMenuSteps.iMouseHoverAndClickOnTopmenuOptions(TopMenuSteps.java:25)
	at ✽.I mouse hover and click on topmenu options "Laptops & Notebooks"(file:///C:/Users/shamb/IdeaProjects/tutorialsninija-sw-6/src/test/resources/features/topmenu.feature:10)
	Suppressed: org.openqa.selenium.json.JsonException: Attempting to close incomplete json stream
Build info: version: '4.15.0', revision: '1d14b5521b'
System info: os.name: 'Windows 11', os.arch: 'amd64', os.version: '10.0', java.version: '17.0.8'
Driver info: driver.version: RemoteWebDriver
		at org.openqa.selenium.json.JsonOutput.close(JsonOutput.java:431)
		at org.openqa.selenium.json.Json.toJson(Json.java:131)
		at org.openqa.selenium.json.Json.toJson(Json.java:119)
		at org.openqa.selenium.remote.codec.AbstractHttpCommandCodec.encode(AbstractHttpCommandCodec.java:280)
		at org.openqa.selenium.remote.codec.AbstractHttpCommandCodec.encode(AbstractHttpCommandCodec.java:130)
		at org.openqa.selenium.remote.HttpCommandExecutor.execute(HttpCommandExecutor.java:179)
		at org.openqa.selenium.remote.service.DriverCommandExecutor.invokeExecute(DriverCommandExecutor.java:200)
		at org.openqa.selenium.remote.service.DriverCommandExecutor.execute(DriverCommandExecutor.java:175)
		at org.openqa.selenium.remote.RemoteWebDriver.execute(RemoteWebDriver.java:607)
		at org.openqa.selenium.remote.RemoteWebDriver.perform(RemoteWebDriver.java:693)
		at org.openqa.selenium.interactions.Actions$BuiltAction.perform(Actions.java:598)
		at org.openqa.selenium.interactions.Actions.perform(Actions.java:567)
		at com.tutorialsninja.demo.utility.Utility.mouseHoverToElementAndClick(Utility.java:239)
		at com.tutorialsninja.demo.pages.HomePage.mouseHoverAndClickOnLaptopsAndNotebooks(HomePage.java:98)
		at com.tutorialsninja.demo.steps.TopMenuSteps.iMouseHoverAndClickOnTopmenuOptions(TopMenuSteps.java:25)
		at java.base/jdk.internal.reflect.NativeMethodAccessorImpl.invoke0(Native Method)
		at java.base/jdk.internal.reflect.NativeMethodAccessorImpl.invoke(NativeMethodAccessorImpl.java:77)
		at java.base/jdk.internal.reflect.DelegatingMethodAccessorImpl.invoke(DelegatingMethodAccessorImpl.java:43)
		at java.base/java.lang.reflect.Method.invoke(Method.java:568)
		at io.cucumber.java.Invoker.doInvoke(Invoker.java:66)
		at io.cucumber.java.Invoker.invoke(Invoker.java:24)
		at io.cucumber.java.AbstractGlueDefinition.invokeMethod(AbstractGlueDefinition.java:47)
		at io.cucumber.java.JavaStepDefinition.execute(JavaStepDefinition.java:29)
		at io.cucumber.core.runner.CoreStepDefinition.execute(CoreStepDefinition.java:66)
		at io.cucumber.core.runner.PickleStepDefinitionMatch.runStep(PickleStepDefinitionMatch.java:63)
		at io.cucumber.core.runner.ExecutionMode$1.execute(ExecutionMode.java:10)
		at io.cucumber.core.runner.TestStep.executeStep(TestStep.java:84)
		at io.cucumber.core.runner.TestStep.run(TestStep.java:56)
		at io.cucumber.core.runner.PickleStepTestStep.run(PickleStepTestStep.java:51)
		at io.cucumber.core.runner.TestCase.run(TestCase.java:84)
		at io.cucumber.core.runner.Runner.runPickle(Runner.java:75)
		at io.cucumber.testng.TestNGCucumberRunner.lambda$runScenario$1(TestNGCucumberRunner.java:132)
		at io.cucumber.core.runtime.CucumberExecutionContext.lambda$runTestCase$5(CucumberExecutionContext.java:137)
		at io.cucumber.core.runtime.RethrowingThrowableCollector.executeAndThrow(RethrowingThrowableCollector.java:23)
		at io.cucumber.core.runtime.CucumberExecutionContext.runTestCase(CucumberExecutionContext.java:137)
		at io.cucumber.testng.TestNGCucumberRunner.runScenario(TestNGCucumberRunner.java:129)
		at io.cucumber.testng.AbstractTestNGCucumberTests.runScenario(AbstractTestNGCucumberTests.java:35)
		at java.base/jdk.internal.reflect.NativeMethodAccessorImpl.invoke0(Native Method)
		at java.base/jdk.internal.reflect.NativeMethodAccessorImpl.invoke(NativeMethodAccessorImpl.java:77)
		at java.base/jdk.internal.reflect.DelegatingMethodAccessorImpl.invoke(DelegatingMethodAccessorImpl.java:43)
		at java.base/java.lang.reflect.Method.invoke(Method.java:568)
		at org.testng.internal.invokers.MethodInvocationHelper.invokeMethod(MethodInvocationHelper.java:139)
		at org.testng.internal.invokers.TestInvoker.invokeMethod(TestInvoker.java:664)
		at org.testng.internal.invokers.TestInvoker.invokeTestMethod(TestInvoker.java:227)
		at org.testng.internal.invokers.MethodRunner.runInSequence(MethodRunner.java:50)
		at org.testng.internal.invokers.TestInvoker$MethodInvocationAgent.invoke(TestInvoker.java:957)
		at org.testng.internal.invokers.TestInvoker.invokeTestMethods(TestInvoker.java:200)
		at org.testng.internal.invokers.TestMethodWorker.invokeTestMethods(TestMethodWorker.java:148)
		at org.testng.internal.invokers.TestMethodWorker.run(TestMethodWorker.java:128)
		at java.base/java.util.ArrayList.forEach(ArrayList.java:1511)
		at org.testng.TestRunner.privateRun(TestRunner.java:848)
		at org.testng.TestRunner.run(TestRunner.java:621)
		at org.testng.SuiteRunner.runTest(SuiteRunner.java:443)
		at org.testng.SuiteRunner.runSequentially(SuiteRunner.java:437)
		at org.testng.SuiteRunner.privateRun(SuiteRunner.java:397)
		at org.testng.SuiteRunner.run(SuiteRunner.java:336)
		at org.testng.SuiteRunnerWorker.runSuite(SuiteRunnerWorker.java:52)
		at org.testng.SuiteRunnerWorker.run(SuiteRunnerWorker.java:95)
		at org.testng.TestNG.runSuitesSequentially(TestNG.java:1280)
		at org.testng.TestNG.runSuitesLocally(TestNG.java:1200)
		at org.testng.TestNG.runSuites(TestNG.java:1114)
		at org.testng.TestNG.run(TestNG.java:1082)
		at com.intellij.rt.testng.IDEARemoteTestNG.run(IDEARemoteTestNG.java:66)
		at com.intellij.rt.testng.RemoteTestNGStarter.main(RemoteTestNGStarter.java:105)
Caused by: java.lang.reflect.InvocationTargetException
	at jdk.internal.reflect.GeneratedMethodAccessor87.invoke(Unknown Source)
	at java.base/jdk.internal.reflect.DelegatingMethodAccessorImpl.invoke(DelegatingMethodAccessorImpl.java:43)
	at java.base/java.lang.reflect.Method.invoke(Method.java:568)
	at org.openqa.selenium.json.JsonOutput.convertUsingMethod(JsonOutput.java:516)
	at org.openqa.selenium.json.JsonOutput.lambda$new$16(JsonOutput.java:182)
	at org.openqa.selenium.json.JsonOutput.write0(JsonOutput.java:409)
	at org.openqa.selenium.json.JsonOutput.lambda$new$22(JsonOutput.java:204)
	at java.base/java.util.stream.ForEachOps$ForEachOp$OfRef.accept(ForEachOps.java:183)
	at java.base/java.util.stream.ReferencePipeline$2$1.accept(ReferencePipeline.java:179)
	at java.base/java.util.Iterator.forEachRemaining(Iterator.java:133)
	at java.base/java.util.Spliterators$IteratorSpliterator.forEachRemaining(Spliterators.java:1845)
	at java.base/java.util.stream.AbstractPipeline.copyInto(AbstractPipeline.java:509)
	at java.base/java.util.stream.AbstractPipeline.wrapAndCopyInto(AbstractPipeline.java:499)
	at java.base/java.util.stream.ForEachOps$ForEachOp.evaluateSequential(ForEachOps.java:150)
	at java.base/java.util.stream.ForEachOps$ForEachOp$OfRef.evaluateSequential(ForEachOps.java:173)
	at java.base/java.util.stream.AbstractPipeline.evaluate(AbstractPipeline.java:234)
	at java.base/java.util.stream.ReferencePipeline.forEach(ReferencePipeline.java:596)
	at org.openqa.selenium.json.JsonOutput.lambda$new$23(JsonOutput.java:204)
	at org.openqa.selenium.json.JsonOutput.write0(JsonOutput.java:409)
	at org.openqa.selenium.json.JsonOutput.lambda$new$24(JsonOutput.java:222)
	at com.google.common.collect.SingletonImmutableBiMap.forEach(SingletonImmutableBiMap.java:68)
	at org.openqa.selenium.json.JsonOutput.lambda$new$25(JsonOutput.java:217)
	at org.openqa.selenium.json.JsonOutput.write0(JsonOutput.java:409)
	at org.openqa.selenium.json.JsonOutput.write(JsonOutput.java:400)
	at org.openqa.selenium.json.Json.toJson(Json.java:133)
	at org.openqa.selenium.json.Json.toJson(Json.java:119)
	at org.openqa.selenium.remote.codec.AbstractHttpCommandCodec.encode(AbstractHttpCommandCodec.java:280)
	at org.openqa.selenium.remote.codec.AbstractHttpCommandCodec.encode(AbstractHttpCommandCodec.java:130)
	at org.openqa.selenium.remote.HttpCommandExecutor.execute(HttpCommandExecutor.java:179)
	at org.openqa.selenium.remote.service.DriverCommandExecutor.invokeExecute(DriverCommandExecutor.java:200)
	at org.openqa.selenium.remote.service.DriverCommandExecutor.execute(DriverCommandExecutor.java:175)
	at org.openqa.selenium.remote.RemoteWebDriver.execute(RemoteWebDriver.java:607)
	at org.openqa.selenium.remote.RemoteWebDriver.perform(RemoteWebDriver.java:693)
	at org.openqa.selenium.interactions.Actions$BuiltAction.perform(Actions.java:598)
	at org.openqa.selenium.interactions.Actions.perform(Actions.java:567)
	at com.tutorialsninja.demo.utility.Utility.mouseHoverToElementAndClick(Utility.java:239)
	at com.tutorialsninja.demo.pages.HomePage.mouseHoverAndClickOnLaptopsAndNotebooks(HomePage.java:98)
	at com.tutorialsninja.demo.steps.TopMenuSteps.iMouseHoverAndClickOnTopmenuOptions(TopMenuSteps.java:25)
	at java.base/jdk.internal.reflect.NativeMethodAccessorImpl.invoke0(Native Method)
	at java.base/jdk.internal.reflect.NativeMethodAccessorImpl.invoke(NativeMethodAccessorImpl.java:77)
	at java.base/jdk.internal.reflect.DelegatingMethodAccessorImpl.invoke(DelegatingMethodAccessorImpl.java:43)
	at java.base/java.lang.reflect.Method.invoke(Method.java:568)
	at io.cucumber.java.Invoker.doInvoke(Invoker.java:66)
	at io.cucumber.java.Invoker.invoke(Invoker.java:24)
	at io.cucumber.java.AbstractGlueDefinition.invokeMethod(AbstractGlueDefinition.java:47)
	at io.cucumber.java.JavaStepDefinition.execute(JavaStepDefinition.java:29)
	at io.cucumber.core.runner.CoreStepDefinition.execute(CoreStepDefinition.java:66)
	at io.cucumber.core.runner.PickleStepDefinitionMatch.runStep(PickleStepDefinitionMatch.java:63)
	at io.cucumber.core.runner.ExecutionMode$1.execute(ExecutionMode.java:10)
	at io.cucumber.core.runner.TestStep.executeStep(TestStep.java:84)
	at io.cucumber.core.runner.TestStep.run(TestStep.java:56)
	at io.cucumber.core.runner.PickleStepTestStep.run(PickleStepTestStep.java:51)
	at io.cucumber.core.runner.TestCase.run(TestCase.java:84)
	at io.cucumber.core.runner.Runner.runPickle(Runner.java:75)
	at io.cucumber.testng.TestNGCucumberRunner.lambda$runScenario$1(TestNGCucumberRunner.java:132)
	at io.cucumber.core.runtime.CucumberExecutionContext.lambda$runTestCase$5(CucumberExecutionContext.java:137)
	at io.cucumber.core.runtime.RethrowingThrowableCollector.executeAndThrow(RethrowingThrowableCollector.java:23)
	at io.cucumber.core.runtime.CucumberExecutionContext.runTestCase(CucumberExecutionContext.java:137)
	at io.cucumber.testng.TestNGCucumberRunner.runScenario(TestNGCucumberRunner.java:129)
	at io.cucumber.testng.AbstractTestNGCucumberTests.runScenario(AbstractTestNGCucumberTests.java:35)
	at java.base/jdk.internal.reflect.NativeMethodAccessorImpl.invoke0(Native Method)
	at java.base/jdk.internal.reflect.NativeMethodAccessorImpl.invoke(NativeMethodAccessorImpl.java:77)
	at java.base/jdk.internal.reflect.DelegatingMethodAccessorImpl.invoke(DelegatingMethodAccessorImpl.java:43)
	at java.base/java.lang.reflect.Method.invoke(Method.java:568)
	at org.testng.internal.invokers.MethodInvocationHelper.invokeMethod(MethodInvocationHelper.java:139)
	at org.testng.internal.invokers.TestInvoker.invokeMethod(TestInvoker.java:664)
	at org.testng.internal.invokers.TestInvoker.invokeTestMethod(TestInvoker.java:227)
	at org.testng.internal.invokers.MethodRunner.runInSequence(MethodRunner.java:50)
	at org.testng.internal.invokers.TestInvoker$MethodInvocationAgent.invoke(TestInvoker.java:957)
	at org.testng.internal.invokers.TestInvoker.invokeTestMethods(TestInvoker.java:200)
	at org.testng.internal.invokers.TestMethodWorker.invokeTestMethods(TestMethodWorker.java:148)
	at org.testng.internal.invokers.TestMethodWorker.run(TestMethodWorker.java:128)
	at java.base/java.util.ArrayList.forEach(ArrayList.java:1511)
	at org.testng.TestRunner.privateRun(TestRunner.java:848)
	at org.testng.TestRunner.run(TestRunner.java:621)
	at org.testng.SuiteRunner.runTest(SuiteRunner.java:443)
	at org.testng.SuiteRunner.runSequentially(SuiteRunner.java:437)
	at org.testng.SuiteRunner.privateRun(SuiteRunner.java:397)
	at org.testng.SuiteRunner.run(SuiteRunner.java:336)
	at org.testng.SuiteRunnerWorker.runSuite(SuiteRunnerWorker.java:52)
	at org.testng.SuiteRunnerWorker.run(SuiteRunnerWorker.java:95)
	at org.testng.TestNG.runSuitesSequentially(TestNG.java:1280)
	at org.testng.TestNG.runSuitesLocally(TestNG.java:1200)
	at org.testng.TestNG.runSuites(TestNG.java:1114)
	at org.testng.TestNG.run(TestNG.java:1082)
	at com.intellij.rt.testng.IDEARemoteTestNG.run(IDEARemoteTestNG.java:66)
	at com.intellij.rt.testng.RemoteTestNGStarter.main(RemoteTestNGStarter.java:105)
Caused by: org.openqa.selenium.NoSuchWindowException: no such window: target window already closed
from unknown error: web view not found
  (Session info: chrome=120.0.6099.110)
Build info: version: '4.15.0', revision: '1d14b5521b'
System info: os.name: 'Windows 11', os.arch: 'amd64', os.version: '10.0', java.version: '17.0.8'
Driver info: org.openqa.selenium.chrome.ChromeDriver
Command: [06e8bb4e446bfe69600979b2de0395a0, findElement {using=xpath, value=//a[normalize-space()='Laptops & Notebooks']}]
Capabilities {acceptInsecureCerts: false, browserName: chrome, browserVersion: 120.0.6099.110, chrome: {chromedriverVersion: 120.0.6099.109 (3419140ab66..., userDataDir: C:\Users\shamb\AppData\Loca...}, fedcm:accounts: true, goog:chromeOptions: {debuggerAddress: localhost:59517}, networkConnectionEnabled: false, pageLoadStrategy: normal, platformName: windows, proxy: Proxy(), se:cdp: ws://localhost:59517/devtoo..., se:cdpVersion: 120.0.6099.110, setWindowRect: true, strictFileInteractability: false, timeouts: {implicit: 0, pageLoad: 300000, script: 30000}, unhandledPromptBehavior: dismiss and notify, webauthn:extension:credBlob: true, webauthn:extension:largeBlob: true, webauthn:extension:minPinLength: true, webauthn:extension:prf: true, webauthn:virtualAuthenticators: true}
Session ID: 06e8bb4e446bfe69600979b2de0395a0
	at java.base/jdk.internal.reflect.NativeConstructorAccessorImpl.newInstance0(Native Method)
	at java.base/jdk.internal.reflect.NativeConstructorAccessorImpl.newInstance(NativeConstructorAccessorImpl.java:77)
	at java.base/jdk.internal.reflect.DelegatingConstructorAccessorImpl.newInstance(DelegatingConstructorAccessorImpl.java:45)
	at java.base/java.lang.reflect.Constructor.newInstanceWithCaller(Constructor.java:499)
	at java.base/java.lang.reflect.Constructor.newInstance(Constructor.java:480)
	at org.openqa.selenium.remote.codec.w3c.W3CHttpResponseCodec.createException(W3CHttpResponseCodec.java:200)
	at org.openqa.selenium.remote.codec.w3c.W3CHttpResponseCodec.decode(W3CHttpResponseCodec.java:133)
	at org.openqa.selenium.remote.codec.w3c.W3CHttpResponseCodec.decode(W3CHttpResponseCodec.java:52)
	at org.openqa.selenium.remote.HttpCommandExecutor.execute(HttpCommandExecutor.java:191)
	at org.openqa.selenium.remote.service.DriverCommandExecutor.invokeExecute(DriverCommandExecutor.java:200)
	at org.openqa.selenium.remote.service.DriverCommandExecutor.execute(DriverCommandExecutor.java:175)
	at org.openqa.selenium.remote.RemoteWebDriver.execute(RemoteWebDriver.java:607)
	at org.openqa.selenium.remote.ElementLocation$ElementFinder$2.findElement(ElementLocation.java:165)
	at org.openqa.selenium.remote.ElementLocation.findElement(ElementLocation.java:59)
	at org.openqa.selenium.remote.RemoteWebDriver.findElement(RemoteWebDriver.java:364)
	at org.openqa.selenium.remote.RemoteWebDriver.findElement(RemoteWebDriver.java:358)
	at org.openqa.selenium.support.pagefactory.DefaultElementLocator.findElement(DefaultElementLocator.java:68)
	at org.openqa.selenium.support.pagefactory.internal.LocatingElementHandler.invoke(LocatingElementHandler.java:38)
	at jdk.proxy2/jdk.proxy2.$Proxy30.getWrappedElement(Unknown Source)
	at org.openqa.selenium.interactions.PointerInput$Origin.asArg(PointerInput.java:259)
	at org.openqa.selenium.interactions.PointerInput$Move.encode(PointerInput.java:208)
	at org.openqa.selenium.interactions.Sequence.encode(Sequence.java:72)
	at org.openqa.selenium.interactions.Sequence.toJson(Sequence.java:81)
	... 87 more
</textarea>
      
      </div>
                  </div>
                  <div class="step skip-bg">
                    <span>And I mouse hover and click on topmenu sub options "Show All Laptops & Notebooks"</span>
      <div>Step skipped
      </div>
                  </div>
                  <div class="step skip-bg">
                    <span>Then I should navigate to corresponding page successfully and verify the page heading "Laptops & Notebooks"</span>
      <div>Step skipped
      </div>
                  </div>
                  <div class="step fail-bg">
                    <span>com.tutorialsninja.demo.steps.Hooks.tearDown(io.cucumber.java.Scenario)</span>
      <div>
        <textarea disabled class="code-block">org.openqa.selenium.NoSuchWindowException: no such window: target window already closed
from unknown error: web view not found
  (Session info: chrome=120.0.6099.110)
Build info: version: '4.15.0', revision: '1d14b5521b'
System info: os.name: 'Windows 11', os.arch: 'amd64', os.version: '10.0', java.version: '17.0.8'
Driver info: org.openqa.selenium.chrome.ChromeDriver
Command: [06e8bb4e446bfe69600979b2de0395a0, screenshot {}]
Capabilities {acceptInsecureCerts: false, browserName: chrome, browserVersion: 120.0.6099.110, chrome: {chromedriverVersion: 120.0.6099.109 (3419140ab66..., userDataDir: C:\Users\shamb\AppData\Loca...}, fedcm:accounts: true, goog:chromeOptions: {debuggerAddress: localhost:59517}, networkConnectionEnabled: false, pageLoadStrategy: normal, platformName: windows, proxy: Proxy(), se:cdp: ws://localhost:59517/devtoo..., se:cdpVersion: 120.0.6099.110, setWindowRect: true, strictFileInteractability: false, timeouts: {implicit: 0, pageLoad: 300000, script: 30000}, unhandledPromptBehavior: dismiss and notify, webauthn:extension:credBlob: true, webauthn:extension:largeBlob: true, webauthn:extension:minPinLength: true, webauthn:extension:prf: true, webauthn:virtualAuthenticators: true}
Session ID: 06e8bb4e446bfe69600979b2de0395a0
	at java.base/jdk.internal.reflect.NativeConstructorAccessorImpl.newInstance0(Native Method)
	at java.base/jdk.internal.reflect.NativeConstructorAccessorImpl.newInstance(NativeConstructorAccessorImpl.java:77)
	at java.base/jdk.internal.reflect.DelegatingConstructorAccessorImpl.newInstance(DelegatingConstructorAccessorImpl.java:45)
	at java.base/java.lang.reflect.Constructor.newInstanceWithCaller(Constructor.java:499)
	at java.base/java.lang.reflect.Constructor.newInstance(Constructor.java:480)
	at org.openqa.selenium.remote.codec.w3c.W3CHttpResponseCodec.createException(W3CHttpResponseCodec.java:200)
	at org.openqa.selenium.remote.codec.w3c.W3CHttpResponseCodec.decode(W3CHttpResponseCodec.java:133)
	at org.openqa.selenium.remote.codec.w3c.W3CHttpResponseCodec.decode(W3CHttpResponseCodec.java:52)
	at org.openqa.selenium.remote.HttpCommandExecutor.execute(HttpCommandExecutor.java:191)
	at org.openqa.selenium.remote.service.DriverCommandExecutor.invokeExecute(DriverCommandExecutor.java:200)
	at org.openqa.selenium.remote.service.DriverCommandExecutor.execute(DriverCommandExecutor.java:175)
	at org.openqa.selenium.remote.RemoteWebDriver.execute(RemoteWebDriver.java:607)
	at org.openqa.selenium.remote.RemoteWebDriver.execute(RemoteWebDriver.java:680)
	at org.openqa.selenium.remote.RemoteWebDriver.execute(RemoteWebDriver.java:684)
	at org.openqa.selenium.remote.RemoteWebDriver.getScreenshotAs(RemoteWebDriver.java:330)
	at com.tutorialsninja.demo.utility.Utility.getScreenShot(Utility.java:350)
	at com.tutorialsninja.demo.steps.Hooks.tearDown(Hooks.java:19)
</textarea>
      
      </div>
                  </div>
              </div>
            </div>
            <div class="card-body l1">
              <div class="card-header">
                <div class="card-title outline-child">
                  <div class="node" id="230"><span class="badge log pass-bg mr-2">Pass</span>User should navigate to desktops page successfully</div>
                </div>
              </div>
              <div class="card-body mt-3 collapse">
                  <div class="step pass-bg">
                    <span>Given I am on homepage</span>
      <div>
      </div>
                  </div>
                  <div class="step pass-bg">
                    <span>When I mouse hover and click on topmenu options "Components"</span>
      <div>
      </div>
                  </div>
                  <div class="step pass-bg">
                    <span>And I mouse hover and click on topmenu sub options "Show All Components"</span>
      <div>
      </div>
                  </div>
                  <div class="step pass-bg">
                    <span>Then I should navigate to corresponding page successfully and verify the page heading "Components"</span>
      <div>
      </div>
                  </div>
              </div>
            </div>
        </div>
  </div>
</div>
          </div>
        </li>
      </ul>
    </div>
  </div>
<div class="test-content scrollable">
<div class="test-content-tools">
<ul><li><a class="back-to-test" href="#"><i class="fa fa-arrow-left"></i></a></li></ul>
</div>
<div class="test-content-detail"><div class="detail-body"></div></div>
</div></div>
<div class="test-wrapper row view category-view attributes-view">
<div class="test-list">
<div class="test-list-tools">
<ul class="tools pull-left"><li><a href=""><span class="font-size-14">Category</span></a></li></ul>
<ul class="tools text-right"><li><a href="#"><span class="badge badge-primary">4</span></a></li></ul>
</div>
<div class="test-list-wrapper scrollable">
<ul class="test-list-item">
<li class="test-item">
<div class="test-detail">
<span class="meta">
<span class='badge log pass-bg'>9</span>
<span class='badge log badge-danger'>3</span>
</span>
<p class="name">@author_Hiren_Italia</p>
<p class="duration text-sm">12 tests</p>
</div>
<div class="test-contents d-none">
<div class="info">
<h4>@author_Hiren_Italia</h4>
<span status="pass" class='badge log pass-bg'>9 passed</span>
<span status="fail" class='badge log badge-danger'>3 failed</span>
</div>
<table class='table table-sm mt-4'>
<thead>
<tr>
<th class="status-col">Status</th>
<th class="timestamp-col">Timestamp</th>
<th>TestName</th>
</tr>
</thead>
<tbody>
<tr class="tag-test-status" status="pass">
<td><span class="badge log pass-bg">Pass</span></td>
<td>18:56:00 pm</td>
<td>
<a href="#" class="linked" test-id='1' id='2'>verify Product Arrange In AlphaBatical Order</a>
<div class="">
<span class="badge badge-default">verifyProductArrangeInAlphaBaticalOrder.verify Product Arrange In AlphaBatical Order</span>
</div>
</td>
</tr>
<tr class="tag-test-status" status="pass">
<td><span class="badge log pass-bg">Pass</span></td>
<td>18:56:05 pm</td>
<td>
<a href="#" class="linked" test-id='1' id='10'>Verify Product Added To Shopping Cart SuccessFully</a>
<div class="">
<span class="badge badge-default">verifyProductArrangeInAlphaBaticalOrder.Verify Product Added To Shopping Cart SuccessFully</span>
</div>
</td>
</tr>
<tr class="tag-test-status" status="pass">
<td><span class="badge log pass-bg">Pass</span></td>
<td>18:56:12 pm</td>
<td>
<a href="#" class="linked" test-id='1' id='28'>Verify Product Added To Shopping Cart SuccessFully</a>
<div class="">
<span class="badge badge-default">verifyProductArrangeInAlphaBaticalOrder.Verify Product Added To Shopping Cart SuccessFully</span>
</div>
</td>
</tr>
<tr class="tag-test-status" status="pass">
<td><span class="badge log pass-bg">Pass</span></td>
<td>18:56:19 pm</td>
<td>
<a href="#" class="linked" test-id='1' id='46'>Verify Product Added To Shopping Cart SuccessFully</a>
<div class="">
<span class="badge badge-default">verifyProductArrangeInAlphaBaticalOrder.Verify Product Added To Shopping Cart SuccessFully</span>
</div>
</td>
</tr>
<tr class="tag-test-status" status="pass">
<td><span class="badge log pass-bg">Pass</span></td>
<td>18:56:25 pm</td>
<td>
<a href="#" class="linked" test-id='1' id='64'>Verify Product Added To Shopping Cart SuccessFully</a>
<div class="">
<span class="badge badge-default">verifyProductArrangeInAlphaBaticalOrder.Verify Product Added To Shopping Cart SuccessFully</span>
</div>
</td>
</tr>
<tr class="tag-test-status" status="pass">
<td><span class="badge log pass-bg">Pass</span></td>
<td>18:56:31 pm</td>
<td>
<a href="#" class="linked" test-id='1' id='82'>Verify Product Added To Shopping Cart SuccessFully</a>
<div class="">
<span class="badge badge-default">verifyProductArrangeInAlphaBaticalOrder.Verify Product Added To Shopping Cart SuccessFully</span>
</div>
</td>
</tr>
<tr class="tag-test-status" status="pass">
<td><span class="badge log pass-bg">Pass</span></td>
<td>18:56:38 pm</td>
<td>
<a href="#" class="linked" test-id='1' id='100'>Verify Product Added To Shopping Cart SuccessFully</a>
<div class="">
<span class="badge badge-default">verifyProductArrangeInAlphaBaticalOrder.Verify Product Added To Shopping Cart SuccessFully</span>
</div>
</td>
</tr>
<tr class="tag-test-status" status="pass">
<td><span class="badge log pass-bg">Pass</span></td>
<td>18:56:44 pm</td>
<td>
<a href="#" class="linked" test-id='118' id='119'>User should see the products as price high to low</a>
<div class="">
<span class="badge badge-default">Laptops & Notebooks Feature.User should see the products as price high to low</span>
</div>
</td>
</tr>
<tr class="tag-test-status" status="fail">
<td><span class="badge log fail-bg">Fail</span></td>
<td>18:56:49 pm</td>
<td>
<a href="#" class="linked" test-id='118' id='127'>User should see the products as price high to low</a>
<div class="">
<span class="badge badge-default">Laptops & Notebooks Feature.User should see the products as price high to low</span>
</div>
</td>
</tr>
<tr class="tag-test-status" status="fail">
<td><span class="badge log fail-bg">Fail</span></td>
<td>18:57:50 pm</td>
<td>
<a href="#" class="linked" test-id='214' id='216'>User should navigate to desktops page successfully</a>
<div class="">
<span class="badge badge-default">Top Menu Feature.User should navigate to desktops page successfully</span>
</div>
</td>
</tr>
<tr class="tag-test-status" status="fail">
<td><span class="badge log fail-bg">Fail</span></td>
<td>18:57:52 pm</td>
<td>
<a href="#" class="linked" test-id='214' id='223'>User should navigate to desktops page successfully</a>
<div class="">
<span class="badge badge-default">Top Menu Feature.User should navigate to desktops page successfully</span>
</div>
</td>
</tr>
<tr class="tag-test-status" status="pass">
<td><span class="badge log pass-bg">Pass</span></td>
<td>18:57:54 pm</td>
<td>
<a href="#" class="linked" test-id='214' id='230'>User should navigate to desktops page successfully</a>
<div class="">
<span class="badge badge-default">Top Menu Feature.User should navigate to desktops page successfully</span>
</div>
</td>
</tr>
</tbody>
</table>
</div>
</li>
<li class="test-item">
<div class="test-detail">
<span class="meta">
<span class='badge log pass-bg'>9</span>
<span class='badge log badge-danger'>5</span>
</span>
<p class="name">@smoke</p>
<p class="duration text-sm">14 tests</p>
</div>
<div class="test-contents d-none">
<div class="info">
<h4>@smoke</h4>
<span status="pass" class='badge log pass-bg'>9 passed</span>
<span status="fail" class='badge log badge-danger'>5 failed</span>
</div>
<table class='table table-sm mt-4'>
<thead>
<tr>
<th class="status-col">Status</th>
<th class="timestamp-col">Timestamp</th>
<th>TestName</th>
</tr>
</thead>
<tbody>
<tr class="tag-test-status" status="pass">
<td><span class="badge log pass-bg">Pass</span></td>
<td>18:56:00 pm</td>
<td>
<a href="#" class="linked" test-id='1' id='2'>verify Product Arrange In AlphaBatical Order</a>
<div class="">
<span class="badge badge-default">verifyProductArrangeInAlphaBaticalOrder.verify Product Arrange In AlphaBatical Order</span>
</div>
</td>
</tr>
<tr class="tag-test-status" status="pass">
<td><span class="badge log pass-bg">Pass</span></td>
<td>18:56:05 pm</td>
<td>
<a href="#" class="linked" test-id='1' id='10'>Verify Product Added To Shopping Cart SuccessFully</a>
<div class="">
<span class="badge badge-default">verifyProductArrangeInAlphaBaticalOrder.Verify Product Added To Shopping Cart SuccessFully</span>
</div>
</td>
</tr>
<tr class="tag-test-status" status="pass">
<td><span class="badge log pass-bg">Pass</span></td>
<td>18:56:12 pm</td>
<td>
<a href="#" class="linked" test-id='1' id='28'>Verify Product Added To Shopping Cart SuccessFully</a>
<div class="">
<span class="badge badge-default">verifyProductArrangeInAlphaBaticalOrder.Verify Product Added To Shopping Cart SuccessFully</span>
</div>
</td>
</tr>
<tr class="tag-test-status" status="pass">
<td><span class="badge log pass-bg">Pass</span></td>
<td>18:56:19 pm</td>
<td>
<a href="#" class="linked" test-id='1' id='46'>Verify Product Added To Shopping Cart SuccessFully</a>
<div class="">
<span class="badge badge-default">verifyProductArrangeInAlphaBaticalOrder.Verify Product Added To Shopping Cart SuccessFully</span>
</div>
</td>
</tr>
<tr class="tag-test-status" status="pass">
<td><span class="badge log pass-bg">Pass</span></td>
<td>18:56:25 pm</td>
<td>
<a href="#" class="linked" test-id='1' id='64'>Verify Product Added To Shopping Cart SuccessFully</a>
<div class="">
<span class="badge badge-default">verifyProductArrangeInAlphaBaticalOrder.Verify Product Added To Shopping Cart SuccessFully</span>
</div>
</td>
</tr>
<tr class="tag-test-status" status="pass">
<td><span class="badge log pass-bg">Pass</span></td>
<td>18:56:31 pm</td>
<td>
<a href="#" class="linked" test-id='1' id='82'>Verify Product Added To Shopping Cart SuccessFully</a>
<div class="">
<span class="badge badge-default">verifyProductArrangeInAlphaBaticalOrder.Verify Product Added To Shopping Cart SuccessFully</span>
</div>
</td>
</tr>
<tr class="tag-test-status" status="pass">
<td><span class="badge log pass-bg">Pass</span></td>
<td>18:56:38 pm</td>
<td>
<a href="#" class="linked" test-id='1' id='100'>Verify Product Added To Shopping Cart SuccessFully</a>
<div class="">
<span class="badge badge-default">verifyProductArrangeInAlphaBaticalOrder.Verify Product Added To Shopping Cart SuccessFully</span>
</div>
</td>
</tr>
<tr class="tag-test-status" status="pass">
<td><span class="badge log pass-bg">Pass</span></td>
<td>18:56:44 pm</td>
<td>
<a href="#" class="linked" test-id='118' id='119'>User should see the products as price high to low</a>
<div class="">
<span class="badge badge-default">Laptops & Notebooks Feature.User should see the products as price high to low</span>
</div>
</td>
</tr>
<tr class="tag-test-status" status="fail">
<td><span class="badge log fail-bg">Fail</span></td>
<td>18:56:49 pm</td>
<td>
<a href="#" class="linked" test-id='118' id='127'>User should see the products as price high to low</a>
<div class="">
<span class="badge badge-default">Laptops & Notebooks Feature.User should see the products as price high to low</span>
</div>
</td>
</tr>
<tr class="tag-test-status" status="fail">
<td><span class="badge log fail-bg">Fail</span></td>
<td>18:57:34 pm</td>
<td>
<a href="#" class="linked" test-id='164' id='165'>Verify User Should Navigate To Register Page Successfully</a>
<div class="">
<span class="badge badge-default">My Account Test.Verify User Should Navigate To Register Page Successfully</span>
</div>
</td>
</tr>
<tr class="tag-test-status" status="fail">
<td><span class="badge log fail-bg">Fail</span></td>
<td>18:57:41 pm</td>
<td>
<a href="#" class="linked" test-id='164' id='172'>Verify User Should Navigate To LoginPage Successfully</a>
<div class="">
<span class="badge badge-default">My Account Test.Verify User Should Navigate To LoginPage Successfully</span>
</div>
</td>
</tr>
<tr class="tag-test-status" status="fail">
<td><span class="badge log fail-bg">Fail</span></td>
<td>18:57:50 pm</td>
<td>
<a href="#" class="linked" test-id='214' id='216'>User should navigate to desktops page successfully</a>
<div class="">
<span class="badge badge-default">Top Menu Feature.User should navigate to desktops page successfully</span>
</div>
</td>
</tr>
<tr class="tag-test-status" status="fail">
<td><span class="badge log fail-bg">Fail</span></td>
<td>18:57:52 pm</td>
<td>
<a href="#" class="linked" test-id='214' id='223'>User should navigate to desktops page successfully</a>
<div class="">
<span class="badge badge-default">Top Menu Feature.User should navigate to desktops page successfully</span>
</div>
</td>
</tr>
<tr class="tag-test-status" status="pass">
<td><span class="badge log pass-bg">Pass</span></td>
<td>18:57:54 pm</td>
<td>
<a href="#" class="linked" test-id='214' id='230'>User should navigate to desktops page successfully</a>
<div class="">
<span class="badge badge-default">Top Menu Feature.User should navigate to desktops page successfully</span>
</div>
</td>
</tr>
</tbody>
</table>
</div>
</li>
<li class="test-item">
<div class="test-detail">
<span class="meta">
<span class='badge log pass-bg'>3</span>
<span class='badge log badge-danger'>3</span>
</span>
<p class="name">@sanity</p>
<p class="duration text-sm">6 tests</p>
</div>
<div class="test-contents d-none">
<div class="info">
<h4>@sanity</h4>
<span status="pass" class='badge log pass-bg'>3 passed</span>
<span status="fail" class='badge log badge-danger'>3 failed</span>
</div>
<table class='table table-sm mt-4'>
<thead>
<tr>
<th class="status-col">Status</th>
<th class="timestamp-col">Timestamp</th>
<th>TestName</th>
</tr>
</thead>
<tbody>
<tr class="tag-test-status" status="pass">
<td><span class="badge log pass-bg">Pass</span></td>
<td>18:56:00 pm</td>
<td>
<a href="#" class="linked" test-id='1' id='2'>verify Product Arrange In AlphaBatical Order</a>
<div class="">
<span class="badge badge-default">verifyProductArrangeInAlphaBaticalOrder.verify Product Arrange In AlphaBatical Order</span>
</div>
</td>
</tr>
<tr class="tag-test-status" status="pass">
<td><span class="badge log pass-bg">Pass</span></td>
<td>18:56:44 pm</td>
<td>
<a href="#" class="linked" test-id='118' id='119'>User should see the products as price high to low</a>
<div class="">
<span class="badge badge-default">Laptops & Notebooks Feature.User should see the products as price high to low</span>
</div>
</td>
</tr>
<tr class="tag-test-status" status="fail">
<td><span class="badge log fail-bg">Fail</span></td>
<td>18:57:34 pm</td>
<td>
<a href="#" class="linked" test-id='164' id='165'>Verify User Should Navigate To Register Page Successfully</a>
<div class="">
<span class="badge badge-default">My Account Test.Verify User Should Navigate To Register Page Successfully</span>
</div>
</td>
</tr>
<tr class="tag-test-status" status="fail">
<td><span class="badge log fail-bg">Fail</span></td>
<td>18:57:50 pm</td>
<td>
<a href="#" class="linked" test-id='214' id='216'>User should navigate to desktops page successfully</a>
<div class="">
<span class="badge badge-default">Top Menu Feature.User should navigate to desktops page successfully</span>
</div>
</td>
</tr>
<tr class="tag-test-status" status="fail">
<td><span class="badge log fail-bg">Fail</span></td>
<td>18:57:52 pm</td>
<td>
<a href="#" class="linked" test-id='214' id='223'>User should navigate to desktops page successfully</a>
<div class="">
<span class="badge badge-default">Top Menu Feature.User should navigate to desktops page successfully</span>
</div>
</td>
</tr>
<tr class="tag-test-status" status="pass">
<td><span class="badge log pass-bg">Pass</span></td>
<td>18:57:54 pm</td>
<td>
<a href="#" class="linked" test-id='214' id='230'>User should navigate to desktops page successfully</a>
<div class="">
<span class="badge badge-default">Top Menu Feature.User should navigate to desktops page successfully</span>
</div>
</td>
</tr>
</tbody>
</table>
</div>
</li>
<li class="test-item">
<div class="test-detail">
<span class="meta">
<span class='badge log pass-bg'>9</span>
<span class='badge log badge-danger'>7</span>
</span>
<p class="name">@regression</p>
<p class="duration text-sm">16 tests</p>
</div>
<div class="test-contents d-none">
<div class="info">
<h4>@regression</h4>
<span status="pass" class='badge log pass-bg'>9 passed</span>
<span status="fail" class='badge log badge-danger'>7 failed</span>
</div>
<table class='table table-sm mt-4'>
<thead>
<tr>
<th class="status-col">Status</th>
<th class="timestamp-col">Timestamp</th>
<th>TestName</th>
</tr>
</thead>
<tbody>
<tr class="tag-test-status" status="pass">
<td><span class="badge log pass-bg">Pass</span></td>
<td>18:56:00 pm</td>
<td>
<a href="#" class="linked" test-id='1' id='2'>verify Product Arrange In AlphaBatical Order</a>
<div class="">
<span class="badge badge-default">verifyProductArrangeInAlphaBaticalOrder.verify Product Arrange In AlphaBatical Order</span>
</div>
</td>
</tr>
<tr class="tag-test-status" status="pass">
<td><span class="badge log pass-bg">Pass</span></td>
<td>18:56:05 pm</td>
<td>
<a href="#" class="linked" test-id='1' id='10'>Verify Product Added To Shopping Cart SuccessFully</a>
<div class="">
<span class="badge badge-default">verifyProductArrangeInAlphaBaticalOrder.Verify Product Added To Shopping Cart SuccessFully</span>
</div>
</td>
</tr>
<tr class="tag-test-status" status="pass">
<td><span class="badge log pass-bg">Pass</span></td>
<td>18:56:12 pm</td>
<td>
<a href="#" class="linked" test-id='1' id='28'>Verify Product Added To Shopping Cart SuccessFully</a>
<div class="">
<span class="badge badge-default">verifyProductArrangeInAlphaBaticalOrder.Verify Product Added To Shopping Cart SuccessFully</span>
</div>
</td>
</tr>
<tr class="tag-test-status" status="pass">
<td><span class="badge log pass-bg">Pass</span></td>
<td>18:56:19 pm</td>
<td>
<a href="#" class="linked" test-id='1' id='46'>Verify Product Added To Shopping Cart SuccessFully</a>
<div class="">
<span class="badge badge-default">verifyProductArrangeInAlphaBaticalOrder.Verify Product Added To Shopping Cart SuccessFully</span>
</div>
</td>
</tr>
<tr class="tag-test-status" status="pass">
<td><span class="badge log pass-bg">Pass</span></td>
<td>18:56:25 pm</td>
<td>
<a href="#" class="linked" test-id='1' id='64'>Verify Product Added To Shopping Cart SuccessFully</a>
<div class="">
<span class="badge badge-default">verifyProductArrangeInAlphaBaticalOrder.Verify Product Added To Shopping Cart SuccessFully</span>
</div>
</td>
</tr>
<tr class="tag-test-status" status="pass">
<td><span class="badge log pass-bg">Pass</span></td>
<td>18:56:31 pm</td>
<td>
<a href="#" class="linked" test-id='1' id='82'>Verify Product Added To Shopping Cart SuccessFully</a>
<div class="">
<span class="badge badge-default">verifyProductArrangeInAlphaBaticalOrder.Verify Product Added To Shopping Cart SuccessFully</span>
</div>
</td>
</tr>
<tr class="tag-test-status" status="pass">
<td><span class="badge log pass-bg">Pass</span></td>
<td>18:56:38 pm</td>
<td>
<a href="#" class="linked" test-id='1' id='100'>Verify Product Added To Shopping Cart SuccessFully</a>
<div class="">
<span class="badge badge-default">verifyProductArrangeInAlphaBaticalOrder.Verify Product Added To Shopping Cart SuccessFully</span>
</div>
</td>
</tr>
<tr class="tag-test-status" status="pass">
<td><span class="badge log pass-bg">Pass</span></td>
<td>18:56:44 pm</td>
<td>
<a href="#" class="linked" test-id='118' id='119'>User should see the products as price high to low</a>
<div class="">
<span class="badge badge-default">Laptops & Notebooks Feature.User should see the products as price high to low</span>
</div>
</td>
</tr>
<tr class="tag-test-status" status="fail">
<td><span class="badge log fail-bg">Fail</span></td>
<td>18:56:49 pm</td>
<td>
<a href="#" class="linked" test-id='118' id='127'>User should see the products as price high to low</a>
<div class="">
<span class="badge badge-default">Laptops & Notebooks Feature.User should see the products as price high to low</span>
</div>
</td>
</tr>
<tr class="tag-test-status" status="fail">
<td><span class="badge log fail-bg">Fail</span></td>
<td>18:57:34 pm</td>
<td>
<a href="#" class="linked" test-id='164' id='165'>Verify User Should Navigate To Register Page Successfully</a>
<div class="">
<span class="badge badge-default">My Account Test.Verify User Should Navigate To Register Page Successfully</span>
</div>
</td>
</tr>
<tr class="tag-test-status" status="fail">
<td><span class="badge log fail-bg">Fail</span></td>
<td>18:57:41 pm</td>
<td>
<a href="#" class="linked" test-id='164' id='172'>Verify User Should Navigate To LoginPage Successfully</a>
<div class="">
<span class="badge badge-default">My Account Test.Verify User Should Navigate To LoginPage Successfully</span>
</div>
</td>
</tr>
<tr class="tag-test-status" status="fail">
<td><span class="badge log fail-bg">Fail</span></td>
<td>18:57:44 pm</td>
<td>
<a href="#" class="linked" test-id='164' id='179'>Verify That User Register Account Successfully</a>
<div class="">
<span class="badge badge-default">My Account Test.Verify That User Register Account Successfully</span>
</div>
</td>
</tr>
<tr class="tag-test-status" status="fail">
<td><span class="badge log fail-bg">Fail</span></td>
<td>18:57:47 pm</td>
<td>
<a href="#" class="linked" test-id='164' id='200'>Verify That User Should Login And Logout</a>
<div class="">
<span class="badge badge-default">My Account Test.Verify That User Should Login And Logout</span>
</div>
</td>
</tr>
<tr class="tag-test-status" status="fail">
<td><span class="badge log fail-bg">Fail</span></td>
<td>18:57:50 pm</td>
<td>
<a href="#" class="linked" test-id='214' id='216'>User should navigate to desktops page successfully</a>
<div class="">
<span class="badge badge-default">Top Menu Feature.User should navigate to desktops page successfully</span>
</div>
</td>
</tr>
<tr class="tag-test-status" status="fail">
<td><span class="badge log fail-bg">Fail</span></td>
<td>18:57:52 pm</td>
<td>
<a href="#" class="linked" test-id='214' id='223'>User should navigate to desktops page successfully</a>
<div class="">
<span class="badge badge-default">Top Menu Feature.User should navigate to desktops page successfully</span>
</div>
</td>
</tr>
<tr class="tag-test-status" status="pass">
<td><span class="badge log pass-bg">Pass</span></td>
<td>18:57:54 pm</td>
<td>
<a href="#" class="linked" test-id='214' id='230'>User should navigate to desktops page successfully</a>
<div class="">
<span class="badge badge-default">Top Menu Feature.User should navigate to desktops page successfully</span>
</div>
</td>
</tr>
</tbody>
</table>
</div>
</li>
</ul>
</div>
</div>
<div class="test-content scrollable">
<div class="test-content-detail">
<div class="detail-body"></div>
</div>
</div>
</div><div class="test-wrapper row view exception-view attributes-view">
<div class="test-list">
<div class="test-list-tools">
<ul class="tools pull-left"><li><a href=""><span class="font-size-14">Exception</span></a></li></ul>
<ul class="tools text-right"><li><a href="#"><span class="badge badge-primary">3</span></a></li></ul>
</div>
<div class="test-list-wrapper scrollable">
<ul class="test-list-item">
<li class="test-item">
<div class="test-detail">
<span class="meta">
<span class='badge log badge-danger'>11</span>
</span>
<p class="name">org.openqa.selenium.NoSuchWindowException</p>
<p class="duration text-sm">11 tests</p>
</div>
<div class="test-contents d-none">
<div class="info">
<h4>org.openqa.selenium.NoSuchWindowException</h4>
<span status="fail" class='badge log badge-danger'>11 failed</span>
</div>
<table class='table table-sm mt-4'>
<thead>
<tr>
<th class="status-col">Status</th>
<th class="timestamp-col">Timestamp</th>
<th>TestName</th>
</tr>
</thead>
<tbody>
<tr class="tag-test-status" status="fail">
<td><span class="badge log fail-bg">Fail</span></td>
<td>18:57:34 pm</td>
<td>
<a href="#" class="linked" test-id='118' id='163'>com.tutorialsninja.demo.steps.Hooks.tearDown(io.cucumber.java.Scenario)</a>
<div class="">
<span class="badge badge-default">Laptops & Notebooks Feature.User should see the products as price high to low.com.tutorialsninja.demo.steps.Hooks.tearDown(io.cucumber.java.Scenario)</span>
</div>
</td>
</tr>
<tr class="tag-test-status" status="fail">
<td><span class="badge log fail-bg">Fail</span></td>
<td>18:57:41 pm</td>
<td>
<a href="#" class="linked" test-id='164' id='170'>Then I should see text as register account "Register Account"</a>
<div class="">
<span class="badge badge-default">My Account Test.Verify User Should Navigate To Register Page Successfully.Then I should see text as register account "Register Account"</span>
</div>
</td>
</tr>
<tr class="tag-test-status" status="fail">
<td><span class="badge log fail-bg">Fail</span></td>
<td>18:57:41 pm</td>
<td>
<a href="#" class="linked" test-id='164' id='171'>com.tutorialsninja.demo.steps.Hooks.tearDown(io.cucumber.java.Scenario)</a>
<div class="">
<span class="badge badge-default">My Account Test.Verify User Should Navigate To Register Page Successfully.com.tutorialsninja.demo.steps.Hooks.tearDown(io.cucumber.java.Scenario)</span>
</div>
</td>
</tr>
<tr class="tag-test-status" status="fail">
<td><span class="badge log fail-bg">Fail</span></td>
<td>18:57:44 pm</td>
<td>
<a href="#" class="linked" test-id='164' id='175'>When I click on My Account tab</a>
<div class="">
<span class="badge badge-default">My Account Test.Verify User Should Navigate To LoginPage Successfully.When I click on My Account tab</span>
</div>
</td>
</tr>
<tr class="tag-test-status" status="fail">
<td><span class="badge log fail-bg">Fail</span></td>
<td>18:57:44 pm</td>
<td>
<a href="#" class="linked" test-id='164' id='178'>com.tutorialsninja.demo.steps.Hooks.tearDown(io.cucumber.java.Scenario)</a>
<div class="">
<span class="badge badge-default">My Account Test.Verify User Should Navigate To LoginPage Successfully.com.tutorialsninja.demo.steps.Hooks.tearDown(io.cucumber.java.Scenario)</span>
</div>
</td>
</tr>
<tr class="tag-test-status" status="fail">
<td><span class="badge log fail-bg">Fail</span></td>
<td>18:57:47 pm</td>
<td>
<a href="#" class="linked" test-id='164' id='182'>When I click on My Account tab</a>
<div class="">
<span class="badge badge-default">My Account Test.Verify That User Register Account Successfully.When I click on My Account tab</span>
</div>
</td>
</tr>
<tr class="tag-test-status" status="fail">
<td><span class="badge log fail-bg">Fail</span></td>
<td>18:57:47 pm</td>
<td>
<a href="#" class="linked" test-id='164' id='199'>com.tutorialsninja.demo.steps.Hooks.tearDown(io.cucumber.java.Scenario)</a>
<div class="">
<span class="badge badge-default">My Account Test.Verify That User Register Account Successfully.com.tutorialsninja.demo.steps.Hooks.tearDown(io.cucumber.java.Scenario)</span>
</div>
</td>
</tr>
<tr class="tag-test-status" status="fail">
<td><span class="badge log fail-bg">Fail</span></td>
<td>18:57:50 pm</td>
<td>
<a href="#" class="linked" test-id='164' id='203'>When I click on My Account tab</a>
<div class="">
<span class="badge badge-default">My Account Test.Verify That User Should Login And Logout.When I click on My Account tab</span>
</div>
</td>
</tr>
<tr class="tag-test-status" status="fail">
<td><span class="badge log fail-bg">Fail</span></td>
<td>18:57:50 pm</td>
<td>
<a href="#" class="linked" test-id='164' id='213'>com.tutorialsninja.demo.steps.Hooks.tearDown(io.cucumber.java.Scenario)</a>
<div class="">
<span class="badge badge-default">My Account Test.Verify That User Should Login And Logout.com.tutorialsninja.demo.steps.Hooks.tearDown(io.cucumber.java.Scenario)</span>
</div>
</td>
</tr>
<tr class="tag-test-status" status="fail">
<td><span class="badge log fail-bg">Fail</span></td>
<td>18:57:52 pm</td>
<td>
<a href="#" class="linked" test-id='214' id='222'>com.tutorialsninja.demo.steps.Hooks.tearDown(io.cucumber.java.Scenario)</a>
<div class="">
<span class="badge badge-default">Top Menu Feature.User should navigate to desktops page successfully.com.tutorialsninja.demo.steps.Hooks.tearDown(io.cucumber.java.Scenario)</span>
</div>
</td>
</tr>
<tr class="tag-test-status" status="fail">
<td><span class="badge log fail-bg">Fail</span></td>
<td>18:57:54 pm</td>
<td>
<a href="#" class="linked" test-id='214' id='229'>com.tutorialsninja.demo.steps.Hooks.tearDown(io.cucumber.java.Scenario)</a>
<div class="">
<span class="badge badge-default">Top Menu Feature.User should navigate to desktops page successfully.com.tutorialsninja.demo.steps.Hooks.tearDown(io.cucumber.java.Scenario)</span>
</div>
</td>
</tr>
</tbody>
</table>
</div>
</li>
<li class="test-item">
<div class="test-detail">
<span class="meta">
<span class='badge log badge-danger'>2</span>
</span>
<p class="name">org.openqa.selenium.json.JsonException</p>
<p class="duration text-sm">2 tests</p>
</div>
<div class="test-contents d-none">
<div class="info">
<h4>org.openqa.selenium.json.JsonException</h4>
<span status="fail" class='badge log badge-danger'>2 failed</span>
</div>
<table class='table table-sm mt-4'>
<thead>
<tr>
<th class="status-col">Status</th>
<th class="timestamp-col">Timestamp</th>
<th>TestName</th>
</tr>
</thead>
<tbody>
<tr class="tag-test-status" status="fail">
<td><span class="badge log fail-bg">Fail</span></td>
<td>18:57:51 pm</td>
<td>
<a href="#" class="linked" test-id='214' id='219'>When I mouse hover and click on topmenu options "Desktops"</a>
<div class="">
<span class="badge badge-default">Top Menu Feature.User should navigate to desktops page successfully.When I mouse hover and click on topmenu options "Desktops"</span>
</div>
</td>
</tr>
<tr class="tag-test-status" status="fail">
<td><span class="badge log fail-bg">Fail</span></td>
<td>18:57:54 pm</td>
<td>
<a href="#" class="linked" test-id='214' id='226'>When I mouse hover and click on topmenu options "Laptops & Notebooks"</a>
<div class="">
<span class="badge badge-default">Top Menu Feature.User should navigate to desktops page successfully.When I mouse hover and click on topmenu options "Laptops & Notebooks"</span>
</div>
</td>
</tr>
</tbody>
</table>
</div>
</li>
<li class="test-item">
<div class="test-detail">
<span class="meta">
<span class='badge log badge-danger'>1</span>
</span>
<p class="name">org.openqa.selenium.NoSuchElementException</p>
<p class="duration text-sm">1 tests</p>
</div>
<div class="test-contents d-none">
<div class="info">
<h4>org.openqa.selenium.NoSuchElementException</h4>
<span status="fail" class='badge log badge-danger'>1 failed</span>
</div>
<table class='table table-sm mt-4'>
<thead>
<tr>
<th class="status-col">Status</th>
<th class="timestamp-col">Timestamp</th>
<th>TestName</th>
</tr>
</thead>
<tbody>
<tr class="tag-test-status" status="fail">
<td><span class="badge log fail-bg">Fail</span></td>
<td>18:57:17 pm</td>
<td>
<a href="#" class="linked" test-id='118' id='157'>And I enter state "Unknown" in the billing details</a>
<div class="">
<span class="badge badge-default">Laptops & Notebooks Feature.User should see the products as price high to low.And I enter state "Unknown" in the billing details</span>
</div>
</td>
</tr>
</tbody>
</table>
</div>
</li>
</ul>
</div>
</div>
<div class="test-content scrollable">
<div class="test-content-detail">
<div class="detail-body"></div>
</div>
</div>
</div>        </div>
      </div>
    </div>
  </div>
<script src="https://cdn.jsdelivr.net/gh/extent-framework/extent-github-cdn@d6562a79075e061305ccfdb82f01e5e195e2d307/spark/js/spark-script.js"></script>
<script type="text/javascript"></script></body>
</html>